[2026-06-20T19:19:05.019+0000] {local_task_job_runner.py:120} INFO - ::group::Pre task execution logs
[2026-06-20T19:19:05.039+0000] {taskinstance.py:2076} INFO - Dependencies all met for dep_context=non-requeueable deps ti=<TaskInstance: SCD2_snapshots.dbt_run_marts manual__2026-06-20T19:18:49.349566+00:00 [queued]>
[2026-06-20T19:19:05.043+0000] {taskinstance.py:2076} INFO - Dependencies all met for dep_context=requeueable deps ti=<TaskInstance: SCD2_snapshots.dbt_run_marts manual__2026-06-20T19:18:49.349566+00:00 [queued]>
[2026-06-20T19:19:05.045+0000] {taskinstance.py:2306} INFO - Starting attempt 1 of 2
[2026-06-20T19:19:05.054+0000] {taskinstance.py:2330} INFO - Executing <Task(BashOperator): dbt_run_marts> on 2026-06-20 19:18:49.349566+00:00
[2026-06-20T19:19:05.057+0000] {standard_task_runner.py:64} INFO - Started process 7537 to run task
[2026-06-20T19:19:05.059+0000] {standard_task_runner.py:90} INFO - Running: ['***', 'tasks', 'run', 'SCD2_snapshots', 'dbt_run_marts', 'manual__2026-06-20T19:18:49.349566+00:00', '--job-id', '151', '--raw', '--subdir', 'DAGS_FOLDER/scd_snapshots.py', '--cfg-path', '/tmp/tmpfynor6ee']
[2026-06-20T19:19:05.060+0000] {standard_task_runner.py:91} INFO - Job 151: Subtask dbt_run_marts
[2026-06-20T19:19:05.094+0000] {task_command.py:426} INFO - Running <TaskInstance: SCD2_snapshots.dbt_run_marts manual__2026-06-20T19:18:49.349566+00:00 [running]> on host c91257ad26f0
[2026-06-20T19:19:05.148+0000] {taskinstance.py:2648} INFO - Exporting env vars: AIRFLOW_CTX_DAG_OWNER='***' AIRFLOW_CTX_DAG_ID='SCD2_snapshots' AIRFLOW_CTX_TASK_ID='dbt_run_marts' AIRFLOW_CTX_EXECUTION_DATE='2026-06-20T19:18:49.349566+00:00' AIRFLOW_CTX_TRY_NUMBER='1' AIRFLOW_CTX_DAG_RUN_ID='manual__2026-06-20T19:18:49.349566+00:00'
[2026-06-20T19:19:05.148+0000] {taskinstance.py:430} INFO - ::endgroup::
[2026-06-20T19:19:05.158+0000] {subprocess.py:63} INFO - Tmp dir root location: /tmp
[2026-06-20T19:19:05.159+0000] {subprocess.py:75} INFO - Running command: ['/usr/bin/bash', '-c', 'cd /opt/***/banking_dbt && dbt run --select marts --profiles-dir /home/***/.dbt']
[2026-06-20T19:19:05.164+0000] {subprocess.py:86} INFO - Output:
[2026-06-20T19:19:06.656+0000] {subprocess.py:93} INFO - [0m19:19:06  Running with dbt=1.11.11
[2026-06-20T19:19:07.348+0000] {subprocess.py:93} INFO - [0m19:19:07  Registered adapter: snowflake=1.11.5
[2026-06-20T19:19:07.608+0000] {subprocess.py:93} INFO - [0m19:19:07  [[33mWARNING[0m]: Configuration paths exist in your dbt_project.yml file which do not apply to any resources.
[2026-06-20T19:19:07.609+0000] {subprocess.py:93} INFO - There are 1 unused configuration paths:
[2026-06-20T19:19:07.609+0000] {subprocess.py:93} INFO - - models.banking_dbt.example
[2026-06-20T19:19:07.748+0000] {subprocess.py:93} INFO - [0m19:19:07  Found 6 models, 2 snapshots, 3 sources, 536 macros
[2026-06-20T19:19:07.752+0000] {subprocess.py:93} INFO - [0m19:19:07
[2026-06-20T19:19:07.753+0000] {subprocess.py:93} INFO - [0m19:19:07  Concurrency: 4 threads (target='dev')
[2026-06-20T19:19:07.754+0000] {subprocess.py:93} INFO - [0m19:19:07
[2026-06-20T19:19:09.819+0000] {subprocess.py:93} INFO - [0m19:19:09  1 of 3 START sql table model analytics.dim_accounts ............................ [RUN]
[2026-06-20T19:19:09.820+0000] {subprocess.py:93} INFO - [0m19:19:09  2 of 3 START sql table model analytics.dim_customers ........................... [RUN]
[2026-06-20T19:19:09.821+0000] {subprocess.py:93} INFO - [0m19:19:09  3 of 3 START sql incremental model analytics.fact_transactions ................. [RUN]
[2026-06-20T19:19:10.811+0000] {subprocess.py:93} INFO - [0m19:19:10  2 of 3 OK created sql table model analytics.dim_customers ...................... [[32mSUCCESS 100[0m in 0.98s]
[2026-06-20T19:19:10.813+0000] {subprocess.py:93} INFO - [0m19:19:10  1 of 3 OK created sql table model analytics.dim_accounts ....................... [[32mSUCCESS 200[0m in 0.99s]
[2026-06-20T19:19:13.807+0000] {subprocess.py:93} INFO - [0m19:19:13  3 of 3 OK created sql incremental model analytics.fact_transactions ............ [[32mSUCCESS 550[0m in 3.98s]
[2026-06-20T19:19:14.354+0000] {subprocess.py:93} INFO - [0m19:19:14
[2026-06-20T19:19:14.357+0000] {subprocess.py:93} INFO - [0m19:19:14  Finished running 1 incremental model, 2 table models in 0 hours 0 minutes and 6.60 seconds (6.60s).
[2026-06-20T19:19:14.438+0000] {subprocess.py:93} INFO - [0m19:19:14
[2026-06-20T19:19:14.439+0000] {subprocess.py:93} INFO - [0m19:19:14  [32mCompleted successfully[0m
[2026-06-20T19:19:14.440+0000] {subprocess.py:93} INFO - [0m19:19:14
[2026-06-20T19:19:14.441+0000] {subprocess.py:93} INFO - [0m19:19:14  Done. PASS=3 WARN=0 ERROR=0 SKIP=0 NO-OP=0 TOTAL=3
[2026-06-20T19:19:15.038+0000] {subprocess.py:97} INFO - Command exited with return code 0
[2026-06-20T19:19:15.039+0000] {taskinstance.py:441} INFO - ::group::Post task execution logs
[2026-06-20T19:19:15.150+0000] {taskinstance.py:1206} INFO - Marking task as SUCCESS. dag_id=SCD2_snapshots, task_id=dbt_run_marts, run_id=manual__2026-06-20T19:18:49.349566+00:00, execution_date=20260620T191849, start_date=20260620T191905, end_date=20260620T191915
[2026-06-20T19:19:15.173+0000] {local_task_job_runner.py:243} INFO - Task exited with return code 0
[2026-06-20T19:19:15.185+0000] {taskinstance.py:3503} INFO - 0 downstream tasks scheduled from follow-on schedule check
[2026-06-20T19:19:15.188+0000] {local_task_job_runner.py:222} INFO - ::endgroup::
