[2026-06-20T19:15:20.094+0000] {local_task_job_runner.py:120} INFO - ::group::Pre task execution logs
[2026-06-20T19:15:20.128+0000] {taskinstance.py:2076} INFO - Dependencies all met for dep_context=non-requeueable deps ti=<TaskInstance: SCD2_snapshots.dbt_run_marts scheduled__2026-06-19T00:00:00+00:00 [queued]>
[2026-06-20T19:15:20.136+0000] {taskinstance.py:2076} INFO - Dependencies all met for dep_context=requeueable deps ti=<TaskInstance: SCD2_snapshots.dbt_run_marts scheduled__2026-06-19T00:00:00+00:00 [queued]>
[2026-06-20T19:15:20.139+0000] {taskinstance.py:2306} INFO - Starting attempt 2 of 2
[2026-06-20T19:15:20.155+0000] {taskinstance.py:2330} INFO - Executing <Task(BashOperator): dbt_run_marts> on 2026-06-19 00:00:00+00:00
[2026-06-20T19:15:20.160+0000] {standard_task_runner.py:64} INFO - Started process 7141 to run task
[2026-06-20T19:15:20.162+0000] {standard_task_runner.py:90} INFO - Running: ['***', 'tasks', 'run', 'SCD2_snapshots', 'dbt_run_marts', 'scheduled__2026-06-19T00:00:00+00:00', '--job-id', '141', '--raw', '--subdir', 'DAGS_FOLDER/scd_snapshots.py', '--cfg-path', '/tmp/tmpys93j6bl']
[2026-06-20T19:15:20.165+0000] {standard_task_runner.py:91} INFO - Job 141: Subtask dbt_run_marts
[2026-06-20T19:15:20.215+0000] {task_command.py:426} INFO - Running <TaskInstance: SCD2_snapshots.dbt_run_marts scheduled__2026-06-19T00:00:00+00:00 [running]> on host c91257ad26f0
[2026-06-20T19:15:20.295+0000] {taskinstance.py:2648} INFO - Exporting env vars: AIRFLOW_CTX_DAG_OWNER='***' AIRFLOW_CTX_DAG_ID='SCD2_snapshots' AIRFLOW_CTX_TASK_ID='dbt_run_marts' AIRFLOW_CTX_EXECUTION_DATE='2026-06-19T00:00:00+00:00' AIRFLOW_CTX_TRY_NUMBER='2' AIRFLOW_CTX_DAG_RUN_ID='scheduled__2026-06-19T00:00:00+00:00'
[2026-06-20T19:15:20.297+0000] {taskinstance.py:430} INFO - ::endgroup::
[2026-06-20T19:15:20.313+0000] {subprocess.py:63} INFO - Tmp dir root location: /tmp
[2026-06-20T19:15:20.314+0000] {subprocess.py:75} INFO - Running command: ['/usr/bin/bash', '-c', 'cd /opt/***/banking_dbt && dbt run --select marts --profiles-dir /home/***/.dbt']
[2026-06-20T19:15:20.323+0000] {subprocess.py:86} INFO - Output:
[2026-06-20T19:15:22.501+0000] {subprocess.py:93} INFO - Usage: dbt run [OPTIONS]
[2026-06-20T19:15:22.501+0000] {subprocess.py:93} INFO - Try 'dbt run --help' for help.
[2026-06-20T19:15:22.502+0000] {subprocess.py:93} INFO - 
[2026-06-20T19:15:22.503+0000] {subprocess.py:93} INFO - Error: Invalid value for '--profiles-dir': Path '/home/***/.dbt' does not exist.
[2026-06-20T19:15:22.718+0000] {subprocess.py:97} INFO - Command exited with return code 2
[2026-06-20T19:15:22.719+0000] {taskinstance.py:441} INFO - ::group::Post task execution logs
[2026-06-20T19:15:22.843+0000] {taskinstance.py:2905} ERROR - Task failed with exception
Traceback (most recent call last):
  File "/home/airflow/.local/lib/python3.12/site-packages/airflow/models/taskinstance.py", line 465, in _execute_task
    result = _execute_callable(context=context, **execute_callable_kwargs)
             ^^^^^^^^^^^^^^^^^^^^^^^^^^^^^^^^^^^^^^^^^^^^^^^^^^^^^^^^^^^^^
  File "/home/airflow/.local/lib/python3.12/site-packages/airflow/models/taskinstance.py", line 432, in _execute_callable
    return execute_callable(context=context, **execute_callable_kwargs)
           ^^^^^^^^^^^^^^^^^^^^^^^^^^^^^^^^^^^^^^^^^^^^^^^^^^^^^^^^^^^^
  File "/home/airflow/.local/lib/python3.12/site-packages/airflow/models/baseoperator.py", line 401, in wrapper
    return func(self, *args, **kwargs)
           ^^^^^^^^^^^^^^^^^^^^^^^^^^^
  File "/home/airflow/.local/lib/python3.12/site-packages/airflow/operators/bash.py", line 243, in execute
    raise AirflowException(
airflow.exceptions.AirflowException: Bash command failed. The command returned a non-zero exit code 2.
[2026-06-20T19:15:22.847+0000] {taskinstance.py:1206} INFO - Marking task as FAILED. dag_id=SCD2_snapshots, task_id=dbt_run_marts, run_id=scheduled__2026-06-19T00:00:00+00:00, execution_date=20260619T000000, start_date=20260620T191520, end_date=20260620T191522
[2026-06-20T19:15:22.862+0000] {standard_task_runner.py:110} ERROR - Failed to execute job 141 for task dbt_run_marts (Bash command failed. The command returned a non-zero exit code 2.; 7141)
[2026-06-20T19:15:22.870+0000] {local_task_job_runner.py:243} INFO - Task exited with return code 1
[2026-06-20T19:15:22.885+0000] {taskinstance.py:3503} INFO - 0 downstream tasks scheduled from follow-on schedule check
[2026-06-20T19:15:22.888+0000] {local_task_job_runner.py:222} INFO - ::endgroup::
