[2026-06-20T19:08:06.464+0000] {local_task_job_runner.py:120} INFO - ::group::Pre task execution logs
[2026-06-20T19:08:06.485+0000] {taskinstance.py:2076} INFO - Dependencies all met for dep_context=non-requeueable deps ti=<TaskInstance: minio_to_snowflake_banking.load_snowflake scheduled__2026-06-20T19:07:00+00:00 [queued]>
[2026-06-20T19:08:06.491+0000] {taskinstance.py:2076} INFO - Dependencies all met for dep_context=requeueable deps ti=<TaskInstance: minio_to_snowflake_banking.load_snowflake scheduled__2026-06-20T19:07:00+00:00 [queued]>
[2026-06-20T19:08:06.493+0000] {taskinstance.py:2306} INFO - Starting attempt 1 of 2
[2026-06-20T19:08:06.501+0000] {taskinstance.py:2330} INFO - Executing <Task(PythonOperator): load_snowflake> on 2026-06-20 19:07:00+00:00
[2026-06-20T19:08:06.507+0000] {standard_task_runner.py:90} INFO - Running: ['***', 'tasks', 'run', 'minio_to_snowflake_banking', 'load_snowflake', 'scheduled__2026-06-20T19:07:00+00:00', '--job-id', '121', '--raw', '--subdir', 'DAGS_FOLDER/minio_to_snowflake_dag.py', '--cfg-path', '/tmp/tmp6elj8n9t']
[2026-06-20T19:08:06.509+0000] {logging_mixin.py:188} WARNING - /home/***/.local/lib/python3.12/site-packages/***/task/task_runner/standard_task_runner.py:62 DeprecationWarning: This process (pid=6244) is multi-threaded, use of fork() may lead to deadlocks in the child.
[2026-06-20T19:08:06.510+0000] {standard_task_runner.py:91} INFO - Job 121: Subtask load_snowflake
[2026-06-20T19:08:06.510+0000] {standard_task_runner.py:64} INFO - Started process 6263 to run task
[2026-06-20T19:08:06.549+0000] {task_command.py:426} INFO - Running <TaskInstance: minio_to_snowflake_banking.load_snowflake scheduled__2026-06-20T19:07:00+00:00 [running]> on host c91257ad26f0
[2026-06-20T19:08:06.613+0000] {taskinstance.py:2648} INFO - Exporting env vars: AIRFLOW_CTX_DAG_OWNER='***' AIRFLOW_CTX_DAG_ID='minio_to_snowflake_banking' AIRFLOW_CTX_TASK_ID='load_snowflake' AIRFLOW_CTX_EXECUTION_DATE='2026-06-20T19:07:00+00:00' AIRFLOW_CTX_TRY_NUMBER='1' AIRFLOW_CTX_DAG_RUN_ID='scheduled__2026-06-20T19:07:00+00:00'
[2026-06-20T19:08:06.614+0000] {taskinstance.py:430} INFO - ::endgroup::
[2026-06-20T19:08:06.760+0000] {connection.py:638} INFO - Snowflake Connector for Python Version: 4.6.0, Python Version: 3.12.4, Platform: Linux-6.6.114.1-microsoft-standard-WSL2-x86_64-with-glibc2.36
[2026-06-20T19:08:06.761+0000] {connection.py:1760} INFO - Connecting to GLOBAL Snowflake domain
[2026-06-20T19:08:08.193+0000] {logging_mixin.py:188} INFO - Uploaded /tmp/minio_downloads/customers_133914125032.parquet -> @customers stage
[2026-06-20T19:08:08.403+0000] {logging_mixin.py:188} INFO - Uploaded /tmp/minio_downloads/customers_133914191064.parquet -> @customers stage
[2026-06-20T19:08:08.903+0000] {logging_mixin.py:188} INFO - Data loaded into customers
[2026-06-20T19:08:09.103+0000] {logging_mixin.py:188} INFO - Uploaded /tmp/minio_downloads/accounts_133914247160.parquet -> @accounts stage
[2026-06-20T19:08:09.318+0000] {logging_mixin.py:188} INFO - Uploaded /tmp/minio_downloads/accounts_133914345762.parquet -> @accounts stage
[2026-06-20T19:08:09.512+0000] {logging_mixin.py:188} INFO - Uploaded /tmp/minio_downloads/accounts_133914420080.parquet -> @accounts stage
[2026-06-20T19:08:09.712+0000] {logging_mixin.py:188} INFO - Uploaded /tmp/minio_downloads/accounts_133914472707.parquet -> @accounts stage
[2026-06-20T19:08:10.172+0000] {logging_mixin.py:188} INFO - Data loaded into accounts
[2026-06-20T19:08:10.343+0000] {logging_mixin.py:188} INFO - Uploaded /tmp/minio_downloads/transactions_133913841290.parquet -> @transactions stage
[2026-06-20T19:08:10.528+0000] {logging_mixin.py:188} INFO - Uploaded /tmp/minio_downloads/transactions_133913920017.parquet -> @transactions stage
[2026-06-20T19:08:10.716+0000] {logging_mixin.py:188} INFO - Uploaded /tmp/minio_downloads/transactions_133913964031.parquet -> @transactions stage
[2026-06-20T19:08:10.901+0000] {logging_mixin.py:188} INFO - Uploaded /tmp/minio_downloads/transactions_133914005525.parquet -> @transactions stage
[2026-06-20T19:08:11.166+0000] {logging_mixin.py:188} INFO - Uploaded /tmp/minio_downloads/transactions_133914051946.parquet -> @transactions stage
[2026-06-20T19:08:11.334+0000] {logging_mixin.py:188} INFO - Uploaded /tmp/minio_downloads/transactions_133914088131.parquet -> @transactions stage
[2026-06-20T19:08:11.529+0000] {logging_mixin.py:188} INFO - Uploaded /tmp/minio_downloads/transactions_133914602005.parquet -> @transactions stage
[2026-06-20T19:08:11.718+0000] {logging_mixin.py:188} INFO - Uploaded /tmp/minio_downloads/transactions_133914642344.parquet -> @transactions stage
[2026-06-20T19:08:11.877+0000] {logging_mixin.py:188} INFO - Uploaded /tmp/minio_downloads/transactions_133914683827.parquet -> @transactions stage
[2026-06-20T19:08:12.046+0000] {logging_mixin.py:188} INFO - Uploaded /tmp/minio_downloads/transactions_133914730204.parquet -> @transactions stage
[2026-06-20T19:08:12.227+0000] {logging_mixin.py:188} INFO - Uploaded /tmp/minio_downloads/transactions_133914769856.parquet -> @transactions stage
[2026-06-20T19:08:12.600+0000] {logging_mixin.py:188} INFO - Data loaded into transactions
[2026-06-20T19:08:12.751+0000] {python.py:237} INFO - Done. Returned value was: None
[2026-06-20T19:08:12.752+0000] {taskinstance.py:441} INFO - ::group::Post task execution logs
[2026-06-20T19:08:12.767+0000] {taskinstance.py:1206} INFO - Marking task as SUCCESS. dag_id=minio_to_snowflake_banking, task_id=load_snowflake, run_id=scheduled__2026-06-20T19:07:00+00:00, execution_date=20260620T190700, start_date=20260620T190806, end_date=20260620T190812
[2026-06-20T19:08:12.801+0000] {local_task_job_runner.py:243} INFO - Task exited with return code 0
[2026-06-20T19:08:12.821+0000] {taskinstance.py:3503} INFO - 0 downstream tasks scheduled from follow-on schedule check
[2026-06-20T19:08:12.825+0000] {local_task_job_runner.py:222} INFO - ::endgroup::
