[2026-06-20T19:16:47.962+0000] {local_task_job_runner.py:120} INFO - ::group::Pre task execution logs
[2026-06-20T19:16:47.982+0000] {taskinstance.py:2076} INFO - Dependencies all met for dep_context=non-requeueable deps ti=<TaskInstance: SCD2_snapshots.dbt_snapshot manual__2026-06-20T19:16:45.894980+00:00 [queued]>
[2026-06-20T19:16:47.988+0000] {taskinstance.py:2076} INFO - Dependencies all met for dep_context=requeueable deps ti=<TaskInstance: SCD2_snapshots.dbt_snapshot manual__2026-06-20T19:16:45.894980+00:00 [queued]>
[2026-06-20T19:16:47.990+0000] {taskinstance.py:2306} INFO - Starting attempt 1 of 2
[2026-06-20T19:16:48.000+0000] {taskinstance.py:2330} INFO - Executing <Task(BashOperator): dbt_snapshot> on 2026-06-20 19:16:45.894980+00:00
[2026-06-20T19:16:48.003+0000] {standard_task_runner.py:64} INFO - Started process 7306 to run task
[2026-06-20T19:16:48.005+0000] {standard_task_runner.py:90} INFO - Running: ['***', 'tasks', 'run', 'SCD2_snapshots', 'dbt_snapshot', 'manual__2026-06-20T19:16:45.894980+00:00', '--job-id', '146', '--raw', '--subdir', 'DAGS_FOLDER/scd_snapshots.py', '--cfg-path', '/tmp/tmp2pqz1sud']
[2026-06-20T19:16:48.006+0000] {standard_task_runner.py:91} INFO - Job 146: Subtask dbt_snapshot
[2026-06-20T19:16:48.042+0000] {task_command.py:426} INFO - Running <TaskInstance: SCD2_snapshots.dbt_snapshot manual__2026-06-20T19:16:45.894980+00:00 [running]> on host c91257ad26f0
[2026-06-20T19:16:48.102+0000] {taskinstance.py:2648} INFO - Exporting env vars: AIRFLOW_CTX_DAG_OWNER='***' AIRFLOW_CTX_DAG_ID='SCD2_snapshots' AIRFLOW_CTX_TASK_ID='dbt_snapshot' AIRFLOW_CTX_EXECUTION_DATE='2026-06-20T19:16:45.894980+00:00' AIRFLOW_CTX_TRY_NUMBER='1' AIRFLOW_CTX_DAG_RUN_ID='manual__2026-06-20T19:16:45.894980+00:00'
[2026-06-20T19:16:48.103+0000] {taskinstance.py:430} INFO - ::endgroup::
[2026-06-20T19:16:48.114+0000] {subprocess.py:63} INFO - Tmp dir root location: /tmp
[2026-06-20T19:16:48.116+0000] {subprocess.py:75} INFO - Running command: ['/usr/bin/bash', '-c', 'cd /opt/***/banking_dbt && dbt snapshot --profiles-dir /home/***/.dbt']
[2026-06-20T19:16:48.121+0000] {subprocess.py:86} INFO - Output:
[2026-06-20T19:16:49.649+0000] {subprocess.py:93} INFO - [0m19:16:49  Running with dbt=1.11.11
[2026-06-20T19:16:50.461+0000] {subprocess.py:93} INFO - [0m19:16:50  Registered adapter: snowflake=1.11.5
[2026-06-20T19:16:51.075+0000] {subprocess.py:93} INFO - [0m19:16:51  Encountered an error:
[2026-06-20T19:16:51.076+0000] {subprocess.py:93} INFO - 'dbt_snowflake://macros/apply_grants.sql'
[2026-06-20T19:16:51.077+0000] {subprocess.py:93} INFO - [0m19:16:51  Traceback (most recent call last):
[2026-06-20T19:16:51.078+0000] {subprocess.py:93} INFO -   File "/home/***/.local/lib/python3.12/site-packages/dbt/cli/requires.py", line 182, in wrapper
[2026-06-20T19:16:51.078+0000] {subprocess.py:93} INFO -     result, success = func(*args, **kwargs)
[2026-06-20T19:16:51.078+0000] {subprocess.py:93} INFO -                       ^^^^^^^^^^^^^^^^^^^^^
[2026-06-20T19:16:51.079+0000] {subprocess.py:93} INFO -   File "/home/***/.local/lib/python3.12/site-packages/dbt/cli/requires.py", line 128, in wrapper
[2026-06-20T19:16:51.079+0000] {subprocess.py:93} INFO -     return func(*args, **kwargs)
[2026-06-20T19:16:51.080+0000] {subprocess.py:93} INFO -            ^^^^^^^^^^^^^^^^^^^^^
[2026-06-20T19:16:51.080+0000] {subprocess.py:93} INFO -   File "/home/***/.local/lib/python3.12/site-packages/dbt/cli/requires.py", line 276, in wrapper
[2026-06-20T19:16:51.080+0000] {subprocess.py:93} INFO -     return func(*args, **kwargs)
[2026-06-20T19:16:51.080+0000] {subprocess.py:93} INFO -            ^^^^^^^^^^^^^^^^^^^^^
[2026-06-20T19:16:51.081+0000] {subprocess.py:93} INFO -   File "/home/***/.local/lib/python3.12/site-packages/dbt/cli/requires.py", line 321, in wrapper
[2026-06-20T19:16:51.081+0000] {subprocess.py:93} INFO -     return func(*args, **kwargs)
[2026-06-20T19:16:51.082+0000] {subprocess.py:93} INFO -            ^^^^^^^^^^^^^^^^^^^^^
[2026-06-20T19:16:51.082+0000] {subprocess.py:93} INFO -   File "/home/***/.local/lib/python3.12/site-packages/dbt/cli/requires.py", line 391, in wrapper
[2026-06-20T19:16:51.082+0000] {subprocess.py:93} INFO -     return func(*args, **kwargs)
[2026-06-20T19:16:51.083+0000] {subprocess.py:93} INFO -            ^^^^^^^^^^^^^^^^^^^^^
[2026-06-20T19:16:51.083+0000] {subprocess.py:93} INFO -   File "/home/***/.local/lib/python3.12/site-packages/dbt/cli/requires.py", line 368, in wrapper
[2026-06-20T19:16:51.083+0000] {subprocess.py:93} INFO -     return func(*args, **kwargs)
[2026-06-20T19:16:51.084+0000] {subprocess.py:93} INFO -            ^^^^^^^^^^^^^^^^^^^^^
[2026-06-20T19:16:51.084+0000] {subprocess.py:93} INFO -   File "/home/***/.local/lib/python3.12/site-packages/dbt/cli/requires.py", line 407, in wrapper
[2026-06-20T19:16:51.084+0000] {subprocess.py:93} INFO -     setup_manifest(ctx, write=write, write_perf_info=write_perf_info)
[2026-06-20T19:16:51.084+0000] {subprocess.py:93} INFO -   File "/home/***/.local/lib/python3.12/site-packages/dbt/cli/requires.py", line 434, in setup_manifest
[2026-06-20T19:16:51.085+0000] {subprocess.py:93} INFO -     ctx.obj["manifest"] = parse_manifest(
[2026-06-20T19:16:51.085+0000] {subprocess.py:93} INFO -                           ^^^^^^^^^^^^^^^
[2026-06-20T19:16:51.085+0000] {subprocess.py:93} INFO -   File "/home/***/.local/lib/python3.12/site-packages/dbt/parser/manifest.py", line 2257, in parse_manifest
[2026-06-20T19:16:51.086+0000] {subprocess.py:93} INFO -     manifest = ManifestLoader.get_full_manifest(
[2026-06-20T19:16:51.086+0000] {subprocess.py:93} INFO -                ^^^^^^^^^^^^^^^^^^^^^^^^^^^^^^^^^
[2026-06-20T19:16:51.086+0000] {subprocess.py:93} INFO -   File "/home/***/.local/lib/python3.12/site-packages/dbt/parser/manifest.py", line 323, in get_full_manifest
[2026-06-20T19:16:51.087+0000] {subprocess.py:93} INFO -     manifest = loader.load()
[2026-06-20T19:16:51.087+0000] {subprocess.py:93} INFO -                ^^^^^^^^^^^^^
[2026-06-20T19:16:51.087+0000] {subprocess.py:93} INFO -   File "/home/***/.local/lib/python3.12/site-packages/dbt/parser/manifest.py", line 392, in load
[2026-06-20T19:16:51.088+0000] {subprocess.py:93} INFO -     self.load_and_parse_macros(project_parser_files)
[2026-06-20T19:16:51.088+0000] {subprocess.py:93} INFO -   File "/home/***/.local/lib/python3.12/site-packages/dbt/parser/manifest.py", line 707, in load_and_parse_macros
[2026-06-20T19:16:51.088+0000] {subprocess.py:93} INFO -     block = FileBlock(self.manifest.files[file_id])
[2026-06-20T19:16:51.089+0000] {subprocess.py:93} INFO -                       ~~~~~~~~~~~~~~~~~~~^^^^^^^^^
[2026-06-20T19:16:51.089+0000] {subprocess.py:93} INFO - KeyError: 'dbt_snowflake://macros/apply_grants.sql'
[2026-06-20T19:16:51.089+0000] {subprocess.py:93} INFO - 
[2026-06-20T19:16:51.824+0000] {subprocess.py:97} INFO - Command exited with return code 2
[2026-06-20T19:16:51.825+0000] {taskinstance.py:441} INFO - ::group::Post task execution logs
[2026-06-20T19:16:51.927+0000] {taskinstance.py:2905} ERROR - Task failed with exception
Traceback (most recent call last):
  File "/home/airflow/.local/lib/python3.12/site-packages/airflow/models/taskinstance.py", line 465, in _execute_task
    result = _execute_callable(context=context, **execute_callable_kwargs)
             ^^^^^^^^^^^^^^^^^^^^^^^^^^^^^^^^^^^^^^^^^^^^^^^^^^^^^^^^^^^^^
  File "/home/airflow/.local/lib/python3.12/site-packages/airflow/models/taskinstance.py", line 432, in _execute_callable
    return execute_callable(context=context, **execute_callable_kwargs)
           ^^^^^^^^^^^^^^^^^^^^^^^^^^^^^^^^^^^^^^^^^^^^^^^^^^^^^^^^^^^^
  File "/home/airflow/.local/lib/python3.12/site-packages/airflow/models/baseoperator.py", line 401, in wrapper
    return func(self, *args, **kwargs)
           ^^^^^^^^^^^^^^^^^^^^^^^^^^^
  File "/home/airflow/.local/lib/python3.12/site-packages/airflow/operators/bash.py", line 243, in execute
    raise AirflowException(
airflow.exceptions.AirflowException: Bash command failed. The command returned a non-zero exit code 2.
[2026-06-20T19:16:51.930+0000] {taskinstance.py:1206} INFO - Marking task as UP_FOR_RETRY. dag_id=SCD2_snapshots, task_id=dbt_snapshot, run_id=manual__2026-06-20T19:16:45.894980+00:00, execution_date=20260620T191645, start_date=20260620T191647, end_date=20260620T191651
[2026-06-20T19:16:51.939+0000] {standard_task_runner.py:110} ERROR - Failed to execute job 146 for task dbt_snapshot (Bash command failed. The command returned a non-zero exit code 2.; 7306)
[2026-06-20T19:16:51.962+0000] {local_task_job_runner.py:243} INFO - Task exited with return code 1
[2026-06-20T19:16:51.978+0000] {taskinstance.py:3503} INFO - 0 downstream tasks scheduled from follow-on schedule check
[2026-06-20T19:16:51.980+0000] {local_task_job_runner.py:222} INFO - ::endgroup::
