[2026-06-20T19:17:54.047+0000] {local_task_job_runner.py:120} INFO - ::group::Pre task execution logs
[2026-06-20T19:17:54.068+0000] {taskinstance.py:2076} INFO - Dependencies all met for dep_context=non-requeueable deps ti=<TaskInstance: SCD2_snapshots.dbt_snapshot manual__2026-06-20T19:16:45.894980+00:00 [queued]>
[2026-06-20T19:17:54.073+0000] {taskinstance.py:2076} INFO - Dependencies all met for dep_context=requeueable deps ti=<TaskInstance: SCD2_snapshots.dbt_snapshot manual__2026-06-20T19:16:45.894980+00:00 [queued]>
[2026-06-20T19:17:54.075+0000] {taskinstance.py:2306} INFO - Starting attempt 2 of 2
[2026-06-20T19:17:54.084+0000] {taskinstance.py:2330} INFO - Executing <Task(BashOperator): dbt_snapshot> on 2026-06-20 19:16:45.894980+00:00
[2026-06-20T19:17:54.087+0000] {standard_task_runner.py:64} INFO - Started process 7390 to run task
[2026-06-20T19:17:54.089+0000] {standard_task_runner.py:90} INFO - Running: ['***', 'tasks', 'run', 'SCD2_snapshots', 'dbt_snapshot', 'manual__2026-06-20T19:16:45.894980+00:00', '--job-id', '148', '--raw', '--subdir', 'DAGS_FOLDER/scd_snapshots.py', '--cfg-path', '/tmp/tmp3fqt9zt1']
[2026-06-20T19:17:54.092+0000] {standard_task_runner.py:91} INFO - Job 148: Subtask dbt_snapshot
[2026-06-20T19:17:54.130+0000] {task_command.py:426} INFO - Running <TaskInstance: SCD2_snapshots.dbt_snapshot manual__2026-06-20T19:16:45.894980+00:00 [running]> on host c91257ad26f0
[2026-06-20T19:17:54.190+0000] {taskinstance.py:2648} INFO - Exporting env vars: AIRFLOW_CTX_DAG_OWNER='***' AIRFLOW_CTX_DAG_ID='SCD2_snapshots' AIRFLOW_CTX_TASK_ID='dbt_snapshot' AIRFLOW_CTX_EXECUTION_DATE='2026-06-20T19:16:45.894980+00:00' AIRFLOW_CTX_TRY_NUMBER='2' AIRFLOW_CTX_DAG_RUN_ID='manual__2026-06-20T19:16:45.894980+00:00'
[2026-06-20T19:17:54.191+0000] {taskinstance.py:430} INFO - ::endgroup::
[2026-06-20T19:17:54.202+0000] {subprocess.py:63} INFO - Tmp dir root location: /tmp
[2026-06-20T19:17:54.203+0000] {subprocess.py:75} INFO - Running command: ['/usr/bin/bash', '-c', 'cd /opt/***/banking_dbt && dbt snapshot --profiles-dir /home/***/.dbt']
[2026-06-20T19:17:54.211+0000] {subprocess.py:86} INFO - Output:
[2026-06-20T19:17:55.772+0000] {subprocess.py:93} INFO - [0m19:17:55  Running with dbt=1.11.11
[2026-06-20T19:17:56.475+0000] {subprocess.py:93} INFO - [0m19:17:56  Registered adapter: snowflake=1.11.5
[2026-06-20T19:17:57.147+0000] {subprocess.py:93} INFO - [0m19:17:57  Encountered an error:
[2026-06-20T19:17:57.148+0000] {subprocess.py:93} INFO - 'dbt_snowflake://macros/get_custom_name.sql'
[2026-06-20T19:17:57.149+0000] {subprocess.py:93} INFO - [0m19:17:57  Traceback (most recent call last):
[2026-06-20T19:17:57.149+0000] {subprocess.py:93} INFO -   File "/home/***/.local/lib/python3.12/site-packages/dbt/cli/requires.py", line 182, in wrapper
[2026-06-20T19:17:57.150+0000] {subprocess.py:93} INFO -     result, success = func(*args, **kwargs)
[2026-06-20T19:17:57.150+0000] {subprocess.py:93} INFO -                       ^^^^^^^^^^^^^^^^^^^^^
[2026-06-20T19:17:57.150+0000] {subprocess.py:93} INFO -   File "/home/***/.local/lib/python3.12/site-packages/dbt/cli/requires.py", line 128, in wrapper
[2026-06-20T19:17:57.151+0000] {subprocess.py:93} INFO -     return func(*args, **kwargs)
[2026-06-20T19:17:57.151+0000] {subprocess.py:93} INFO -            ^^^^^^^^^^^^^^^^^^^^^
[2026-06-20T19:17:57.151+0000] {subprocess.py:93} INFO -   File "/home/***/.local/lib/python3.12/site-packages/dbt/cli/requires.py", line 276, in wrapper
[2026-06-20T19:17:57.152+0000] {subprocess.py:93} INFO -     return func(*args, **kwargs)
[2026-06-20T19:17:57.152+0000] {subprocess.py:93} INFO -            ^^^^^^^^^^^^^^^^^^^^^
[2026-06-20T19:17:57.153+0000] {subprocess.py:93} INFO -   File "/home/***/.local/lib/python3.12/site-packages/dbt/cli/requires.py", line 321, in wrapper
[2026-06-20T19:17:57.153+0000] {subprocess.py:93} INFO -     return func(*args, **kwargs)
[2026-06-20T19:17:57.154+0000] {subprocess.py:93} INFO -            ^^^^^^^^^^^^^^^^^^^^^
[2026-06-20T19:17:57.154+0000] {subprocess.py:93} INFO -   File "/home/***/.local/lib/python3.12/site-packages/dbt/cli/requires.py", line 391, in wrapper
[2026-06-20T19:17:57.154+0000] {subprocess.py:93} INFO -     return func(*args, **kwargs)
[2026-06-20T19:17:57.155+0000] {subprocess.py:93} INFO -            ^^^^^^^^^^^^^^^^^^^^^
[2026-06-20T19:17:57.155+0000] {subprocess.py:93} INFO -   File "/home/***/.local/lib/python3.12/site-packages/dbt/cli/requires.py", line 368, in wrapper
[2026-06-20T19:17:57.155+0000] {subprocess.py:93} INFO -     return func(*args, **kwargs)
[2026-06-20T19:17:57.156+0000] {subprocess.py:93} INFO -            ^^^^^^^^^^^^^^^^^^^^^
[2026-06-20T19:17:57.156+0000] {subprocess.py:93} INFO -   File "/home/***/.local/lib/python3.12/site-packages/dbt/cli/requires.py", line 407, in wrapper
[2026-06-20T19:17:57.157+0000] {subprocess.py:93} INFO -     setup_manifest(ctx, write=write, write_perf_info=write_perf_info)
[2026-06-20T19:17:57.159+0000] {subprocess.py:93} INFO -   File "/home/***/.local/lib/python3.12/site-packages/dbt/cli/requires.py", line 434, in setup_manifest
[2026-06-20T19:17:57.159+0000] {subprocess.py:93} INFO -     ctx.obj["manifest"] = parse_manifest(
[2026-06-20T19:17:57.160+0000] {subprocess.py:93} INFO -                           ^^^^^^^^^^^^^^^
[2026-06-20T19:17:57.161+0000] {subprocess.py:93} INFO -   File "/home/***/.local/lib/python3.12/site-packages/dbt/parser/manifest.py", line 2257, in parse_manifest
[2026-06-20T19:17:57.161+0000] {subprocess.py:93} INFO -     manifest = ManifestLoader.get_full_manifest(
[2026-06-20T19:17:57.162+0000] {subprocess.py:93} INFO -                ^^^^^^^^^^^^^^^^^^^^^^^^^^^^^^^^^
[2026-06-20T19:17:57.162+0000] {subprocess.py:93} INFO -   File "/home/***/.local/lib/python3.12/site-packages/dbt/parser/manifest.py", line 323, in get_full_manifest
[2026-06-20T19:17:57.163+0000] {subprocess.py:93} INFO -     manifest = loader.load()
[2026-06-20T19:17:57.164+0000] {subprocess.py:93} INFO -                ^^^^^^^^^^^^^
[2026-06-20T19:17:57.165+0000] {subprocess.py:93} INFO -   File "/home/***/.local/lib/python3.12/site-packages/dbt/parser/manifest.py", line 392, in load
[2026-06-20T19:17:57.166+0000] {subprocess.py:93} INFO -     self.load_and_parse_macros(project_parser_files)
[2026-06-20T19:17:57.169+0000] {subprocess.py:93} INFO -   File "/home/***/.local/lib/python3.12/site-packages/dbt/parser/manifest.py", line 707, in load_and_parse_macros
[2026-06-20T19:17:57.170+0000] {subprocess.py:93} INFO -     block = FileBlock(self.manifest.files[file_id])
[2026-06-20T19:17:57.171+0000] {subprocess.py:93} INFO -                       ~~~~~~~~~~~~~~~~~~~^^^^^^^^^
[2026-06-20T19:17:57.171+0000] {subprocess.py:93} INFO - KeyError: 'dbt_snowflake://macros/get_custom_name.sql'
[2026-06-20T19:17:57.171+0000] {subprocess.py:93} INFO - 
[2026-06-20T19:17:57.865+0000] {subprocess.py:97} INFO - Command exited with return code 2
[2026-06-20T19:17:57.866+0000] {taskinstance.py:441} INFO - ::group::Post task execution logs
[2026-06-20T19:17:57.982+0000] {taskinstance.py:2905} ERROR - Task failed with exception
Traceback (most recent call last):
  File "/home/airflow/.local/lib/python3.12/site-packages/airflow/models/taskinstance.py", line 465, in _execute_task
    result = _execute_callable(context=context, **execute_callable_kwargs)
             ^^^^^^^^^^^^^^^^^^^^^^^^^^^^^^^^^^^^^^^^^^^^^^^^^^^^^^^^^^^^^
  File "/home/airflow/.local/lib/python3.12/site-packages/airflow/models/taskinstance.py", line 432, in _execute_callable
    return execute_callable(context=context, **execute_callable_kwargs)
           ^^^^^^^^^^^^^^^^^^^^^^^^^^^^^^^^^^^^^^^^^^^^^^^^^^^^^^^^^^^^
  File "/home/airflow/.local/lib/python3.12/site-packages/airflow/models/baseoperator.py", line 401, in wrapper
    return func(self, *args, **kwargs)
           ^^^^^^^^^^^^^^^^^^^^^^^^^^^
  File "/home/airflow/.local/lib/python3.12/site-packages/airflow/operators/bash.py", line 243, in execute
    raise AirflowException(
airflow.exceptions.AirflowException: Bash command failed. The command returned a non-zero exit code 2.
[2026-06-20T19:17:57.986+0000] {taskinstance.py:1206} INFO - Marking task as FAILED. dag_id=SCD2_snapshots, task_id=dbt_snapshot, run_id=manual__2026-06-20T19:16:45.894980+00:00, execution_date=20260620T191645, start_date=20260620T191754, end_date=20260620T191757
[2026-06-20T19:17:57.994+0000] {standard_task_runner.py:110} ERROR - Failed to execute job 148 for task dbt_snapshot (Bash command failed. The command returned a non-zero exit code 2.; 7390)
[2026-06-20T19:17:58.000+0000] {local_task_job_runner.py:243} INFO - Task exited with return code 1
[2026-06-20T19:17:58.015+0000] {taskinstance.py:3503} INFO - 0 downstream tasks scheduled from follow-on schedule check
[2026-06-20T19:17:58.019+0000] {local_task_job_runner.py:222} INFO - ::endgroup::
