[2026-06-20T19:00:02.427+0000] {local_task_job_runner.py:120} INFO - ::group::Pre task execution logs
[2026-06-20T19:00:02.446+0000] {taskinstance.py:2076} INFO - Dependencies all met for dep_context=non-requeueable deps ti=<TaskInstance: minio_to_snowflake_banking.download_minio scheduled__2026-06-20T18:59:00+00:00 [queued]>
[2026-06-20T19:00:02.453+0000] {taskinstance.py:2076} INFO - Dependencies all met for dep_context=requeueable deps ti=<TaskInstance: minio_to_snowflake_banking.download_minio scheduled__2026-06-20T18:59:00+00:00 [queued]>
[2026-06-20T19:00:02.455+0000] {taskinstance.py:2306} INFO - Starting attempt 1 of 2
[2026-06-20T19:00:02.463+0000] {taskinstance.py:2330} INFO - Executing <Task(PythonOperator): download_minio> on 2026-06-20 18:59:00+00:00
[2026-06-20T19:00:02.468+0000] {standard_task_runner.py:90} INFO - Running: ['***', 'tasks', 'run', 'minio_to_snowflake_banking', 'download_minio', 'scheduled__2026-06-20T18:59:00+00:00', '--job-id', '104', '--raw', '--subdir', 'DAGS_FOLDER/minio_to_snowflake_dag.py', '--cfg-path', '/tmp/tmp5j9mnohv']
[2026-06-20T19:00:02.471+0000] {logging_mixin.py:188} WARNING - /home/***/.local/lib/python3.12/site-packages/***/task/task_runner/standard_task_runner.py:62 DeprecationWarning: This process (pid=5339) is multi-threaded, use of fork() may lead to deadlocks in the child.
[2026-06-20T19:00:02.471+0000] {standard_task_runner.py:91} INFO - Job 104: Subtask download_minio
[2026-06-20T19:00:02.472+0000] {standard_task_runner.py:64} INFO - Started process 5358 to run task
[2026-06-20T19:00:02.512+0000] {task_command.py:426} INFO - Running <TaskInstance: minio_to_snowflake_banking.download_minio scheduled__2026-06-20T18:59:00+00:00 [running]> on host c91257ad26f0
[2026-06-20T19:00:02.574+0000] {taskinstance.py:2648} INFO - Exporting env vars: AIRFLOW_CTX_DAG_OWNER='***' AIRFLOW_CTX_DAG_ID='minio_to_snowflake_banking' AIRFLOW_CTX_TASK_ID='download_minio' AIRFLOW_CTX_EXECUTION_DATE='2026-06-20T18:59:00+00:00' AIRFLOW_CTX_TRY_NUMBER='1' AIRFLOW_CTX_DAG_RUN_ID='scheduled__2026-06-20T18:59:00+00:00'
[2026-06-20T19:00:02.575+0000] {taskinstance.py:430} INFO - ::endgroup::
[2026-06-20T19:00:02.813+0000] {logging_mixin.py:188} INFO - Downloaded customers/date=2026-06-20/customers_133914125032.parquet -> /tmp/minio_downloads/customers_133914125032.parquet
[2026-06-20T19:00:02.822+0000] {logging_mixin.py:188} INFO - Downloaded customers/date=2026-06-20/customers_133914191064.parquet -> /tmp/minio_downloads/customers_133914191064.parquet
[2026-06-20T19:00:02.867+0000] {logging_mixin.py:188} INFO - Downloaded accounts/date=2026-06-20/accounts_133914247160.parquet -> /tmp/minio_downloads/accounts_133914247160.parquet
[2026-06-20T19:00:02.879+0000] {logging_mixin.py:188} INFO - Downloaded accounts/date=2026-06-20/accounts_133914345762.parquet -> /tmp/minio_downloads/accounts_133914345762.parquet
[2026-06-20T19:00:02.889+0000] {logging_mixin.py:188} INFO - Downloaded accounts/date=2026-06-20/accounts_133914420080.parquet -> /tmp/minio_downloads/accounts_133914420080.parquet
[2026-06-20T19:00:02.899+0000] {logging_mixin.py:188} INFO - Downloaded accounts/date=2026-06-20/accounts_133914472707.parquet -> /tmp/minio_downloads/accounts_133914472707.parquet
[2026-06-20T19:00:02.944+0000] {logging_mixin.py:188} INFO - Downloaded transactions/date=2026-06-20/transactions_133913841290.parquet -> /tmp/minio_downloads/transactions_133913841290.parquet
[2026-06-20T19:00:02.955+0000] {logging_mixin.py:188} INFO - Downloaded transactions/date=2026-06-20/transactions_133913920017.parquet -> /tmp/minio_downloads/transactions_133913920017.parquet
[2026-06-20T19:00:02.966+0000] {logging_mixin.py:188} INFO - Downloaded transactions/date=2026-06-20/transactions_133913964031.parquet -> /tmp/minio_downloads/transactions_133913964031.parquet
[2026-06-20T19:00:02.977+0000] {logging_mixin.py:188} INFO - Downloaded transactions/date=2026-06-20/transactions_133914005525.parquet -> /tmp/minio_downloads/transactions_133914005525.parquet
[2026-06-20T19:00:02.988+0000] {logging_mixin.py:188} INFO - Downloaded transactions/date=2026-06-20/transactions_133914051946.parquet -> /tmp/minio_downloads/transactions_133914051946.parquet
[2026-06-20T19:00:03.000+0000] {logging_mixin.py:188} INFO - Downloaded transactions/date=2026-06-20/transactions_133914088131.parquet -> /tmp/minio_downloads/transactions_133914088131.parquet
[2026-06-20T19:00:03.011+0000] {logging_mixin.py:188} INFO - Downloaded transactions/date=2026-06-20/transactions_133914602005.parquet -> /tmp/minio_downloads/transactions_133914602005.parquet
[2026-06-20T19:00:03.021+0000] {logging_mixin.py:188} INFO - Downloaded transactions/date=2026-06-20/transactions_133914642344.parquet -> /tmp/minio_downloads/transactions_133914642344.parquet
[2026-06-20T19:00:03.031+0000] {logging_mixin.py:188} INFO - Downloaded transactions/date=2026-06-20/transactions_133914683827.parquet -> /tmp/minio_downloads/transactions_133914683827.parquet
[2026-06-20T19:00:03.042+0000] {logging_mixin.py:188} INFO - Downloaded transactions/date=2026-06-20/transactions_133914730204.parquet -> /tmp/minio_downloads/transactions_133914730204.parquet
[2026-06-20T19:00:03.052+0000] {logging_mixin.py:188} INFO - Downloaded transactions/date=2026-06-20/transactions_133914769856.parquet -> /tmp/minio_downloads/transactions_133914769856.parquet
[2026-06-20T19:00:03.053+0000] {python.py:237} INFO - Done. Returned value was: {'customers': ['/tmp/minio_downloads/customers_133914125032.parquet', '/tmp/minio_downloads/customers_133914191064.parquet'], 'accounts': ['/tmp/minio_downloads/accounts_133914247160.parquet', '/tmp/minio_downloads/accounts_133914345762.parquet', '/tmp/minio_downloads/accounts_133914420080.parquet', '/tmp/minio_downloads/accounts_133914472707.parquet'], 'transactions': ['/tmp/minio_downloads/transactions_133913841290.parquet', '/tmp/minio_downloads/transactions_133913920017.parquet', '/tmp/minio_downloads/transactions_133913964031.parquet', '/tmp/minio_downloads/transactions_133914005525.parquet', '/tmp/minio_downloads/transactions_133914051946.parquet', '/tmp/minio_downloads/transactions_133914088131.parquet', '/tmp/minio_downloads/transactions_133914602005.parquet', '/tmp/minio_downloads/transactions_133914642344.parquet', '/tmp/minio_downloads/transactions_133914683827.parquet', '/tmp/minio_downloads/transactions_133914730204.parquet', '/tmp/minio_downloads/transactions_133914769856.parquet']}
[2026-06-20T19:00:03.053+0000] {taskinstance.py:441} INFO - ::group::Post task execution logs
[2026-06-20T19:00:03.073+0000] {taskinstance.py:1206} INFO - Marking task as SUCCESS. dag_id=minio_to_snowflake_banking, task_id=download_minio, run_id=scheduled__2026-06-20T18:59:00+00:00, execution_date=20260620T185900, start_date=20260620T190002, end_date=20260620T190003
[2026-06-20T19:00:03.127+0000] {local_task_job_runner.py:243} INFO - Task exited with return code 0
[2026-06-20T19:00:03.144+0000] {taskinstance.py:3503} INFO - 1 downstream tasks scheduled from follow-on schedule check
[2026-06-20T19:00:03.147+0000] {local_task_job_runner.py:222} INFO - ::endgroup::
