[2026-06-20T19:15:02.552+0000] {local_task_job_runner.py:120} INFO - ::group::Pre task execution logs
[2026-06-20T19:15:02.570+0000] {taskinstance.py:2076} INFO - Dependencies all met for dep_context=non-requeueable deps ti=<TaskInstance: minio_to_snowflake_banking.download_minio scheduled__2026-06-20T19:14:00+00:00 [queued]>
[2026-06-20T19:15:02.575+0000] {taskinstance.py:2076} INFO - Dependencies all met for dep_context=requeueable deps ti=<TaskInstance: minio_to_snowflake_banking.download_minio scheduled__2026-06-20T19:14:00+00:00 [queued]>
[2026-06-20T19:15:02.577+0000] {taskinstance.py:2306} INFO - Starting attempt 1 of 2
[2026-06-20T19:15:02.584+0000] {taskinstance.py:2330} INFO - Executing <Task(PythonOperator): download_minio> on 2026-06-20 19:14:00+00:00
[2026-06-20T19:15:02.590+0000] {standard_task_runner.py:90} INFO - Running: ['***', 'tasks', 'run', 'minio_to_snowflake_banking', 'download_minio', 'scheduled__2026-06-20T19:14:00+00:00', '--job-id', '138', '--raw', '--subdir', 'DAGS_FOLDER/minio_to_snowflake_dag.py', '--cfg-path', '/tmp/tmpun54igxd']
[2026-06-20T19:15:02.592+0000] {standard_task_runner.py:91} INFO - Job 138: Subtask download_minio
[2026-06-20T19:15:02.592+0000] {logging_mixin.py:188} WARNING - /home/***/.local/lib/python3.12/site-packages/***/task/task_runner/standard_task_runner.py:62 DeprecationWarning: This process (pid=7005) is multi-threaded, use of fork() may lead to deadlocks in the child.
[2026-06-20T19:15:02.592+0000] {standard_task_runner.py:64} INFO - Started process 7024 to run task
[2026-06-20T19:15:02.628+0000] {task_command.py:426} INFO - Running <TaskInstance: minio_to_snowflake_banking.download_minio scheduled__2026-06-20T19:14:00+00:00 [running]> on host c91257ad26f0
[2026-06-20T19:15:02.683+0000] {taskinstance.py:2648} INFO - Exporting env vars: AIRFLOW_CTX_DAG_OWNER='***' AIRFLOW_CTX_DAG_ID='minio_to_snowflake_banking' AIRFLOW_CTX_TASK_ID='download_minio' AIRFLOW_CTX_EXECUTION_DATE='2026-06-20T19:14:00+00:00' AIRFLOW_CTX_TRY_NUMBER='1' AIRFLOW_CTX_DAG_RUN_ID='scheduled__2026-06-20T19:14:00+00:00'
[2026-06-20T19:15:02.684+0000] {taskinstance.py:430} INFO - ::endgroup::
[2026-06-20T19:15:02.916+0000] {logging_mixin.py:188} INFO - Downloaded customers/date=2026-06-20/customers_133914125032.parquet -> /tmp/minio_downloads/customers_133914125032.parquet
[2026-06-20T19:15:02.926+0000] {logging_mixin.py:188} INFO - Downloaded customers/date=2026-06-20/customers_133914191064.parquet -> /tmp/minio_downloads/customers_133914191064.parquet
[2026-06-20T19:15:02.956+0000] {logging_mixin.py:188} INFO - Downloaded accounts/date=2026-06-20/accounts_133914247160.parquet -> /tmp/minio_downloads/accounts_133914247160.parquet
[2026-06-20T19:15:02.966+0000] {logging_mixin.py:188} INFO - Downloaded accounts/date=2026-06-20/accounts_133914345762.parquet -> /tmp/minio_downloads/accounts_133914345762.parquet
[2026-06-20T19:15:02.976+0000] {logging_mixin.py:188} INFO - Downloaded accounts/date=2026-06-20/accounts_133914420080.parquet -> /tmp/minio_downloads/accounts_133914420080.parquet
[2026-06-20T19:15:02.985+0000] {logging_mixin.py:188} INFO - Downloaded accounts/date=2026-06-20/accounts_133914472707.parquet -> /tmp/minio_downloads/accounts_133914472707.parquet
[2026-06-20T19:15:03.033+0000] {logging_mixin.py:188} INFO - Downloaded transactions/date=2026-06-20/transactions_133913841290.parquet -> /tmp/minio_downloads/transactions_133913841290.parquet
[2026-06-20T19:15:03.043+0000] {logging_mixin.py:188} INFO - Downloaded transactions/date=2026-06-20/transactions_133913920017.parquet -> /tmp/minio_downloads/transactions_133913920017.parquet
[2026-06-20T19:15:03.055+0000] {logging_mixin.py:188} INFO - Downloaded transactions/date=2026-06-20/transactions_133913964031.parquet -> /tmp/minio_downloads/transactions_133913964031.parquet
[2026-06-20T19:15:03.069+0000] {logging_mixin.py:188} INFO - Downloaded transactions/date=2026-06-20/transactions_133914005525.parquet -> /tmp/minio_downloads/transactions_133914005525.parquet
[2026-06-20T19:15:03.083+0000] {logging_mixin.py:188} INFO - Downloaded transactions/date=2026-06-20/transactions_133914051946.parquet -> /tmp/minio_downloads/transactions_133914051946.parquet
[2026-06-20T19:15:03.096+0000] {logging_mixin.py:188} INFO - Downloaded transactions/date=2026-06-20/transactions_133914088131.parquet -> /tmp/minio_downloads/transactions_133914088131.parquet
[2026-06-20T19:15:03.108+0000] {logging_mixin.py:188} INFO - Downloaded transactions/date=2026-06-20/transactions_133914602005.parquet -> /tmp/minio_downloads/transactions_133914602005.parquet
[2026-06-20T19:15:03.121+0000] {logging_mixin.py:188} INFO - Downloaded transactions/date=2026-06-20/transactions_133914642344.parquet -> /tmp/minio_downloads/transactions_133914642344.parquet
[2026-06-20T19:15:03.133+0000] {logging_mixin.py:188} INFO - Downloaded transactions/date=2026-06-20/transactions_133914683827.parquet -> /tmp/minio_downloads/transactions_133914683827.parquet
[2026-06-20T19:15:03.146+0000] {logging_mixin.py:188} INFO - Downloaded transactions/date=2026-06-20/transactions_133914730204.parquet -> /tmp/minio_downloads/transactions_133914730204.parquet
[2026-06-20T19:15:03.157+0000] {logging_mixin.py:188} INFO - Downloaded transactions/date=2026-06-20/transactions_133914769856.parquet -> /tmp/minio_downloads/transactions_133914769856.parquet
[2026-06-20T19:15:03.158+0000] {python.py:237} INFO - Done. Returned value was: {'customers': ['/tmp/minio_downloads/customers_133914125032.parquet', '/tmp/minio_downloads/customers_133914191064.parquet'], 'accounts': ['/tmp/minio_downloads/accounts_133914247160.parquet', '/tmp/minio_downloads/accounts_133914345762.parquet', '/tmp/minio_downloads/accounts_133914420080.parquet', '/tmp/minio_downloads/accounts_133914472707.parquet'], 'transactions': ['/tmp/minio_downloads/transactions_133913841290.parquet', '/tmp/minio_downloads/transactions_133913920017.parquet', '/tmp/minio_downloads/transactions_133913964031.parquet', '/tmp/minio_downloads/transactions_133914005525.parquet', '/tmp/minio_downloads/transactions_133914051946.parquet', '/tmp/minio_downloads/transactions_133914088131.parquet', '/tmp/minio_downloads/transactions_133914602005.parquet', '/tmp/minio_downloads/transactions_133914642344.parquet', '/tmp/minio_downloads/transactions_133914683827.parquet', '/tmp/minio_downloads/transactions_133914730204.parquet', '/tmp/minio_downloads/transactions_133914769856.parquet']}
[2026-06-20T19:15:03.159+0000] {taskinstance.py:441} INFO - ::group::Post task execution logs
[2026-06-20T19:15:03.176+0000] {taskinstance.py:1206} INFO - Marking task as SUCCESS. dag_id=minio_to_snowflake_banking, task_id=download_minio, run_id=scheduled__2026-06-20T19:14:00+00:00, execution_date=20260620T191400, start_date=20260620T191502, end_date=20260620T191503
[2026-06-20T19:15:03.207+0000] {local_task_job_runner.py:243} INFO - Task exited with return code 0
[2026-06-20T19:15:03.222+0000] {taskinstance.py:3503} INFO - 1 downstream tasks scheduled from follow-on schedule check
[2026-06-20T19:15:03.224+0000] {local_task_job_runner.py:222} INFO - ::endgroup::
