[2026-06-20T18:53:05.882+0000] {local_task_job_runner.py:120} INFO - ::group::Pre task execution logs
[2026-06-20T18:53:05.904+0000] {taskinstance.py:2076} INFO - Dependencies all met for dep_context=non-requeueable deps ti=<TaskInstance: minio_to_snowflake_banking.load_snowflake scheduled__2026-06-20T18:52:00+00:00 [queued]>
[2026-06-20T18:53:05.910+0000] {taskinstance.py:2076} INFO - Dependencies all met for dep_context=requeueable deps ti=<TaskInstance: minio_to_snowflake_banking.load_snowflake scheduled__2026-06-20T18:52:00+00:00 [queued]>
[2026-06-20T18:53:05.913+0000] {taskinstance.py:2306} INFO - Starting attempt 1 of 2
[2026-06-20T18:53:05.921+0000] {taskinstance.py:2330} INFO - Executing <Task(PythonOperator): load_snowflake> on 2026-06-20 18:52:00+00:00
[2026-06-20T18:53:05.926+0000] {standard_task_runner.py:90} INFO - Running: ['***', 'tasks', 'run', 'minio_to_snowflake_banking', 'load_snowflake', 'scheduled__2026-06-20T18:52:00+00:00', '--job-id', '91', '--raw', '--subdir', 'DAGS_FOLDER/minio_to_snowflake_dag.py', '--cfg-path', '/tmp/tmpyaqbwai6']
[2026-06-20T18:53:05.929+0000] {standard_task_runner.py:91} INFO - Job 91: Subtask load_snowflake
[2026-06-20T18:53:05.929+0000] {logging_mixin.py:188} WARNING - /home/***/.local/lib/python3.12/site-packages/***/task/task_runner/standard_task_runner.py:62 DeprecationWarning: This process (pid=4645) is multi-threaded, use of fork() may lead to deadlocks in the child.
[2026-06-20T18:53:05.930+0000] {standard_task_runner.py:64} INFO - Started process 4664 to run task
[2026-06-20T18:53:05.968+0000] {task_command.py:426} INFO - Running <TaskInstance: minio_to_snowflake_banking.load_snowflake scheduled__2026-06-20T18:52:00+00:00 [running]> on host c91257ad26f0
[2026-06-20T18:53:06.031+0000] {taskinstance.py:2648} INFO - Exporting env vars: AIRFLOW_CTX_DAG_OWNER='***' AIRFLOW_CTX_DAG_ID='minio_to_snowflake_banking' AIRFLOW_CTX_TASK_ID='load_snowflake' AIRFLOW_CTX_EXECUTION_DATE='2026-06-20T18:52:00+00:00' AIRFLOW_CTX_TRY_NUMBER='1' AIRFLOW_CTX_DAG_RUN_ID='scheduled__2026-06-20T18:52:00+00:00'
[2026-06-20T18:53:06.032+0000] {taskinstance.py:430} INFO - ::endgroup::
[2026-06-20T18:53:06.166+0000] {connection.py:638} INFO - Snowflake Connector for Python Version: 4.6.0, Python Version: 3.12.4, Platform: Linux-6.6.114.1-microsoft-standard-WSL2-x86_64-with-glibc2.36
[2026-06-20T18:53:06.167+0000] {connection.py:1760} INFO - Connecting to GLOBAL Snowflake domain
[2026-06-20T18:53:07.629+0000] {logging_mixin.py:188} INFO - Uploaded /tmp/minio_downloads/customers_133914125032.parquet -> @customers stage
[2026-06-20T18:53:07.831+0000] {logging_mixin.py:188} INFO - Uploaded /tmp/minio_downloads/customers_133914191064.parquet -> @customers stage
[2026-06-20T18:53:08.291+0000] {logging_mixin.py:188} INFO - Data loaded into customers
[2026-06-20T18:53:08.501+0000] {logging_mixin.py:188} INFO - Uploaded /tmp/minio_downloads/accounts_133914247160.parquet -> @accounts stage
[2026-06-20T18:53:08.715+0000] {logging_mixin.py:188} INFO - Uploaded /tmp/minio_downloads/accounts_133914345762.parquet -> @accounts stage
[2026-06-20T18:53:08.907+0000] {logging_mixin.py:188} INFO - Uploaded /tmp/minio_downloads/accounts_133914420080.parquet -> @accounts stage
[2026-06-20T18:53:09.076+0000] {logging_mixin.py:188} INFO - Uploaded /tmp/minio_downloads/accounts_133914472707.parquet -> @accounts stage
[2026-06-20T18:53:09.443+0000] {logging_mixin.py:188} INFO - Data loaded into accounts
[2026-06-20T18:53:09.624+0000] {logging_mixin.py:188} INFO - Uploaded /tmp/minio_downloads/transactions_133913841290.parquet -> @transactions stage
[2026-06-20T18:53:09.810+0000] {logging_mixin.py:188} INFO - Uploaded /tmp/minio_downloads/transactions_133913920017.parquet -> @transactions stage
[2026-06-20T18:53:09.972+0000] {logging_mixin.py:188} INFO - Uploaded /tmp/minio_downloads/transactions_133913964031.parquet -> @transactions stage
[2026-06-20T18:53:10.154+0000] {logging_mixin.py:188} INFO - Uploaded /tmp/minio_downloads/transactions_133914005525.parquet -> @transactions stage
[2026-06-20T18:53:10.347+0000] {logging_mixin.py:188} INFO - Uploaded /tmp/minio_downloads/transactions_133914051946.parquet -> @transactions stage
[2026-06-20T18:53:10.540+0000] {logging_mixin.py:188} INFO - Uploaded /tmp/minio_downloads/transactions_133914088131.parquet -> @transactions stage
[2026-06-20T18:53:10.782+0000] {logging_mixin.py:188} INFO - Uploaded /tmp/minio_downloads/transactions_133914602005.parquet -> @transactions stage
[2026-06-20T18:53:10.980+0000] {logging_mixin.py:188} INFO - Uploaded /tmp/minio_downloads/transactions_133914642344.parquet -> @transactions stage
[2026-06-20T18:53:11.130+0000] {logging_mixin.py:188} INFO - Uploaded /tmp/minio_downloads/transactions_133914683827.parquet -> @transactions stage
[2026-06-20T18:53:11.304+0000] {logging_mixin.py:188} INFO - Uploaded /tmp/minio_downloads/transactions_133914730204.parquet -> @transactions stage
[2026-06-20T18:53:11.469+0000] {logging_mixin.py:188} INFO - Uploaded /tmp/minio_downloads/transactions_133914769856.parquet -> @transactions stage
[2026-06-20T18:53:11.861+0000] {logging_mixin.py:188} INFO - Data loaded into transactions
[2026-06-20T18:53:11.997+0000] {python.py:237} INFO - Done. Returned value was: None
[2026-06-20T18:53:11.999+0000] {taskinstance.py:441} INFO - ::group::Post task execution logs
[2026-06-20T18:53:12.008+0000] {taskinstance.py:1206} INFO - Marking task as SUCCESS. dag_id=minio_to_snowflake_banking, task_id=load_snowflake, run_id=scheduled__2026-06-20T18:52:00+00:00, execution_date=20260620T185200, start_date=20260620T185305, end_date=20260620T185312
[2026-06-20T18:53:12.027+0000] {local_task_job_runner.py:243} INFO - Task exited with return code 0
[2026-06-20T18:53:12.038+0000] {taskinstance.py:3503} INFO - 0 downstream tasks scheduled from follow-on schedule check
[2026-06-20T18:53:12.041+0000] {local_task_job_runner.py:222} INFO - ::endgroup::
