[2026-06-20T19:16:54.123+0000] {local_task_job_runner.py:120} INFO - ::group::Pre task execution logs
[2026-06-20T19:16:54.145+0000] {taskinstance.py:2076} INFO - Dependencies all met for dep_context=non-requeueable deps ti=<TaskInstance: SCD2_snapshots.dbt_run_marts manual__2026-06-20T19:16:45.894980+00:00 [queued]>
[2026-06-20T19:16:54.151+0000] {taskinstance.py:2076} INFO - Dependencies all met for dep_context=requeueable deps ti=<TaskInstance: SCD2_snapshots.dbt_run_marts manual__2026-06-20T19:16:45.894980+00:00 [queued]>
[2026-06-20T19:16:54.153+0000] {taskinstance.py:2306} INFO - Starting attempt 1 of 2
[2026-06-20T19:16:54.162+0000] {taskinstance.py:2330} INFO - Executing <Task(BashOperator): dbt_run_marts> on 2026-06-20 19:16:45.894980+00:00
[2026-06-20T19:16:54.165+0000] {standard_task_runner.py:64} INFO - Started process 7343 to run task
[2026-06-20T19:16:54.167+0000] {standard_task_runner.py:90} INFO - Running: ['***', 'tasks', 'run', 'SCD2_snapshots', 'dbt_run_marts', 'manual__2026-06-20T19:16:45.894980+00:00', '--job-id', '147', '--raw', '--subdir', 'DAGS_FOLDER/scd_snapshots.py', '--cfg-path', '/tmp/tmpb146bap1']
[2026-06-20T19:16:54.168+0000] {standard_task_runner.py:91} INFO - Job 147: Subtask dbt_run_marts
[2026-06-20T19:16:54.203+0000] {task_command.py:426} INFO - Running <TaskInstance: SCD2_snapshots.dbt_run_marts manual__2026-06-20T19:16:45.894980+00:00 [running]> on host c91257ad26f0
[2026-06-20T19:16:54.263+0000] {taskinstance.py:2648} INFO - Exporting env vars: AIRFLOW_CTX_DAG_OWNER='***' AIRFLOW_CTX_DAG_ID='SCD2_snapshots' AIRFLOW_CTX_TASK_ID='dbt_run_marts' AIRFLOW_CTX_EXECUTION_DATE='2026-06-20T19:16:45.894980+00:00' AIRFLOW_CTX_TRY_NUMBER='1' AIRFLOW_CTX_DAG_RUN_ID='manual__2026-06-20T19:16:45.894980+00:00'
[2026-06-20T19:16:54.263+0000] {taskinstance.py:430} INFO - ::endgroup::
[2026-06-20T19:16:54.274+0000] {subprocess.py:63} INFO - Tmp dir root location: /tmp
[2026-06-20T19:16:54.276+0000] {subprocess.py:75} INFO - Running command: ['/usr/bin/bash', '-c', 'cd /opt/***/banking_dbt && dbt run --select marts --profiles-dir /home/***/.dbt']
[2026-06-20T19:16:54.281+0000] {subprocess.py:86} INFO - Output:
[2026-06-20T19:16:55.865+0000] {subprocess.py:93} INFO - [0m19:16:55  Running with dbt=1.11.11
[2026-06-20T19:16:56.551+0000] {subprocess.py:93} INFO - [0m19:16:56  Registered adapter: snowflake=1.11.5
[2026-06-20T19:16:57.107+0000] {subprocess.py:93} INFO - [0m19:16:57  Encountered an error:
[2026-06-20T19:16:57.108+0000] {subprocess.py:93} INFO - 'dbt_snowflake://macros/apply_grants.sql'
[2026-06-20T19:16:57.109+0000] {subprocess.py:93} INFO - [0m19:16:57  Traceback (most recent call last):
[2026-06-20T19:16:57.109+0000] {subprocess.py:93} INFO -   File "/home/***/.local/lib/python3.12/site-packages/dbt/cli/requires.py", line 182, in wrapper
[2026-06-20T19:16:57.110+0000] {subprocess.py:93} INFO -     result, success = func(*args, **kwargs)
[2026-06-20T19:16:57.111+0000] {subprocess.py:93} INFO -                       ^^^^^^^^^^^^^^^^^^^^^
[2026-06-20T19:16:57.111+0000] {subprocess.py:93} INFO -   File "/home/***/.local/lib/python3.12/site-packages/dbt/cli/requires.py", line 128, in wrapper
[2026-06-20T19:16:57.111+0000] {subprocess.py:93} INFO -     return func(*args, **kwargs)
[2026-06-20T19:16:57.112+0000] {subprocess.py:93} INFO -            ^^^^^^^^^^^^^^^^^^^^^
[2026-06-20T19:16:57.112+0000] {subprocess.py:93} INFO -   File "/home/***/.local/lib/python3.12/site-packages/dbt/cli/requires.py", line 276, in wrapper
[2026-06-20T19:16:57.112+0000] {subprocess.py:93} INFO -     return func(*args, **kwargs)
[2026-06-20T19:16:57.113+0000] {subprocess.py:93} INFO -            ^^^^^^^^^^^^^^^^^^^^^
[2026-06-20T19:16:57.113+0000] {subprocess.py:93} INFO -   File "/home/***/.local/lib/python3.12/site-packages/dbt/cli/requires.py", line 321, in wrapper
[2026-06-20T19:16:57.113+0000] {subprocess.py:93} INFO -     return func(*args, **kwargs)
[2026-06-20T19:16:57.113+0000] {subprocess.py:93} INFO -            ^^^^^^^^^^^^^^^^^^^^^
[2026-06-20T19:16:57.114+0000] {subprocess.py:93} INFO -   File "/home/***/.local/lib/python3.12/site-packages/dbt/cli/requires.py", line 391, in wrapper
[2026-06-20T19:16:57.114+0000] {subprocess.py:93} INFO -     return func(*args, **kwargs)
[2026-06-20T19:16:57.114+0000] {subprocess.py:93} INFO -            ^^^^^^^^^^^^^^^^^^^^^
[2026-06-20T19:16:57.115+0000] {subprocess.py:93} INFO -   File "/home/***/.local/lib/python3.12/site-packages/dbt/cli/requires.py", line 368, in wrapper
[2026-06-20T19:16:57.115+0000] {subprocess.py:93} INFO -     return func(*args, **kwargs)
[2026-06-20T19:16:57.115+0000] {subprocess.py:93} INFO -            ^^^^^^^^^^^^^^^^^^^^^
[2026-06-20T19:16:57.115+0000] {subprocess.py:93} INFO -   File "/home/***/.local/lib/python3.12/site-packages/dbt/cli/requires.py", line 407, in wrapper
[2026-06-20T19:16:57.116+0000] {subprocess.py:93} INFO -     setup_manifest(ctx, write=write, write_perf_info=write_perf_info)
[2026-06-20T19:16:57.116+0000] {subprocess.py:93} INFO -   File "/home/***/.local/lib/python3.12/site-packages/dbt/cli/requires.py", line 434, in setup_manifest
[2026-06-20T19:16:57.117+0000] {subprocess.py:93} INFO -     ctx.obj["manifest"] = parse_manifest(
[2026-06-20T19:16:57.117+0000] {subprocess.py:93} INFO -                           ^^^^^^^^^^^^^^^
[2026-06-20T19:16:57.117+0000] {subprocess.py:93} INFO -   File "/home/***/.local/lib/python3.12/site-packages/dbt/parser/manifest.py", line 2257, in parse_manifest
[2026-06-20T19:16:57.118+0000] {subprocess.py:93} INFO -     manifest = ManifestLoader.get_full_manifest(
[2026-06-20T19:16:57.118+0000] {subprocess.py:93} INFO -                ^^^^^^^^^^^^^^^^^^^^^^^^^^^^^^^^^
[2026-06-20T19:16:57.119+0000] {subprocess.py:93} INFO -   File "/home/***/.local/lib/python3.12/site-packages/dbt/parser/manifest.py", line 323, in get_full_manifest
[2026-06-20T19:16:57.119+0000] {subprocess.py:93} INFO -     manifest = loader.load()
[2026-06-20T19:16:57.120+0000] {subprocess.py:93} INFO -                ^^^^^^^^^^^^^
[2026-06-20T19:16:57.120+0000] {subprocess.py:93} INFO -   File "/home/***/.local/lib/python3.12/site-packages/dbt/parser/manifest.py", line 392, in load
[2026-06-20T19:16:57.120+0000] {subprocess.py:93} INFO -     self.load_and_parse_macros(project_parser_files)
[2026-06-20T19:16:57.121+0000] {subprocess.py:93} INFO -   File "/home/***/.local/lib/python3.12/site-packages/dbt/parser/manifest.py", line 707, in load_and_parse_macros
[2026-06-20T19:16:57.121+0000] {subprocess.py:93} INFO -     block = FileBlock(self.manifest.files[file_id])
[2026-06-20T19:16:57.121+0000] {subprocess.py:93} INFO -                       ~~~~~~~~~~~~~~~~~~~^^^^^^^^^
[2026-06-20T19:16:57.122+0000] {subprocess.py:93} INFO - KeyError: 'dbt_snowflake://macros/apply_grants.sql'
[2026-06-20T19:16:57.122+0000] {subprocess.py:93} INFO - 
[2026-06-20T19:16:57.689+0000] {subprocess.py:97} INFO - Command exited with return code 2
[2026-06-20T19:16:57.691+0000] {taskinstance.py:441} INFO - ::group::Post task execution logs
[2026-06-20T19:16:57.817+0000] {taskinstance.py:2905} ERROR - Task failed with exception
Traceback (most recent call last):
  File "/home/airflow/.local/lib/python3.12/site-packages/airflow/models/taskinstance.py", line 465, in _execute_task
    result = _execute_callable(context=context, **execute_callable_kwargs)
             ^^^^^^^^^^^^^^^^^^^^^^^^^^^^^^^^^^^^^^^^^^^^^^^^^^^^^^^^^^^^^
  File "/home/airflow/.local/lib/python3.12/site-packages/airflow/models/taskinstance.py", line 432, in _execute_callable
    return execute_callable(context=context, **execute_callable_kwargs)
           ^^^^^^^^^^^^^^^^^^^^^^^^^^^^^^^^^^^^^^^^^^^^^^^^^^^^^^^^^^^^
  File "/home/airflow/.local/lib/python3.12/site-packages/airflow/models/baseoperator.py", line 401, in wrapper
    return func(self, *args, **kwargs)
           ^^^^^^^^^^^^^^^^^^^^^^^^^^^
  File "/home/airflow/.local/lib/python3.12/site-packages/airflow/operators/bash.py", line 243, in execute
    raise AirflowException(
airflow.exceptions.AirflowException: Bash command failed. The command returned a non-zero exit code 2.
[2026-06-20T19:16:57.821+0000] {taskinstance.py:1206} INFO - Marking task as UP_FOR_RETRY. dag_id=SCD2_snapshots, task_id=dbt_run_marts, run_id=manual__2026-06-20T19:16:45.894980+00:00, execution_date=20260620T191645, start_date=20260620T191654, end_date=20260620T191657
[2026-06-20T19:16:57.833+0000] {standard_task_runner.py:110} ERROR - Failed to execute job 147 for task dbt_run_marts (Bash command failed. The command returned a non-zero exit code 2.; 7343)
[2026-06-20T19:16:57.874+0000] {local_task_job_runner.py:243} INFO - Task exited with return code 1
[2026-06-20T19:16:57.892+0000] {taskinstance.py:3503} INFO - 0 downstream tasks scheduled from follow-on schedule check
[2026-06-20T19:16:57.895+0000] {local_task_job_runner.py:222} INFO - ::endgroup::
