[2026-06-20T19:09:08.534+0000] {local_task_job_runner.py:120} INFO - ::group::Pre task execution logs
[2026-06-20T19:09:08.556+0000] {taskinstance.py:2076} INFO - Dependencies all met for dep_context=non-requeueable deps ti=<TaskInstance: minio_to_snowflake_banking.load_snowflake scheduled__2026-06-20T19:08:00+00:00 [queued]>
[2026-06-20T19:09:08.562+0000] {taskinstance.py:2076} INFO - Dependencies all met for dep_context=requeueable deps ti=<TaskInstance: minio_to_snowflake_banking.load_snowflake scheduled__2026-06-20T19:08:00+00:00 [queued]>
[2026-06-20T19:09:08.564+0000] {taskinstance.py:2306} INFO - Starting attempt 1 of 2
[2026-06-20T19:09:08.575+0000] {taskinstance.py:2330} INFO - Executing <Task(PythonOperator): load_snowflake> on 2026-06-20 19:08:00+00:00
[2026-06-20T19:09:08.583+0000] {standard_task_runner.py:90} INFO - Running: ['***', 'tasks', 'run', 'minio_to_snowflake_banking', 'load_snowflake', 'scheduled__2026-06-20T19:08:00+00:00', '--job-id', '123', '--raw', '--subdir', 'DAGS_FOLDER/minio_to_snowflake_dag.py', '--cfg-path', '/tmp/tmphxg02umc']
[2026-06-20T19:09:08.585+0000] {standard_task_runner.py:91} INFO - Job 123: Subtask load_snowflake
[2026-06-20T19:09:08.586+0000] {logging_mixin.py:188} WARNING - /home/***/.local/lib/python3.12/site-packages/***/task/task_runner/standard_task_runner.py:62 DeprecationWarning: This process (pid=6351) is multi-threaded, use of fork() may lead to deadlocks in the child.
[2026-06-20T19:09:08.587+0000] {standard_task_runner.py:64} INFO - Started process 6370 to run task
[2026-06-20T19:09:08.634+0000] {task_command.py:426} INFO - Running <TaskInstance: minio_to_snowflake_banking.load_snowflake scheduled__2026-06-20T19:08:00+00:00 [running]> on host c91257ad26f0
[2026-06-20T19:09:08.736+0000] {taskinstance.py:2648} INFO - Exporting env vars: AIRFLOW_CTX_DAG_OWNER='***' AIRFLOW_CTX_DAG_ID='minio_to_snowflake_banking' AIRFLOW_CTX_TASK_ID='load_snowflake' AIRFLOW_CTX_EXECUTION_DATE='2026-06-20T19:08:00+00:00' AIRFLOW_CTX_TRY_NUMBER='1' AIRFLOW_CTX_DAG_RUN_ID='scheduled__2026-06-20T19:08:00+00:00'
[2026-06-20T19:09:08.740+0000] {taskinstance.py:430} INFO - ::endgroup::
[2026-06-20T19:09:08.913+0000] {connection.py:638} INFO - Snowflake Connector for Python Version: 4.6.0, Python Version: 3.12.4, Platform: Linux-6.6.114.1-microsoft-standard-WSL2-x86_64-with-glibc2.36
[2026-06-20T19:09:08.915+0000] {connection.py:1760} INFO - Connecting to GLOBAL Snowflake domain
[2026-06-20T19:09:10.312+0000] {logging_mixin.py:188} INFO - Uploaded /tmp/minio_downloads/customers_133914125032.parquet -> @customers stage
[2026-06-20T19:09:10.509+0000] {logging_mixin.py:188} INFO - Uploaded /tmp/minio_downloads/customers_133914191064.parquet -> @customers stage
[2026-06-20T19:09:11.164+0000] {logging_mixin.py:188} INFO - Data loaded into customers
[2026-06-20T19:09:11.382+0000] {logging_mixin.py:188} INFO - Uploaded /tmp/minio_downloads/accounts_133914247160.parquet -> @accounts stage
[2026-06-20T19:09:11.566+0000] {logging_mixin.py:188} INFO - Uploaded /tmp/minio_downloads/accounts_133914345762.parquet -> @accounts stage
[2026-06-20T19:09:11.765+0000] {logging_mixin.py:188} INFO - Uploaded /tmp/minio_downloads/accounts_133914420080.parquet -> @accounts stage
[2026-06-20T19:09:11.914+0000] {logging_mixin.py:188} INFO - Uploaded /tmp/minio_downloads/accounts_133914472707.parquet -> @accounts stage
[2026-06-20T19:09:12.406+0000] {logging_mixin.py:188} INFO - Data loaded into accounts
[2026-06-20T19:09:12.612+0000] {logging_mixin.py:188} INFO - Uploaded /tmp/minio_downloads/transactions_133913841290.parquet -> @transactions stage
[2026-06-20T19:09:12.814+0000] {logging_mixin.py:188} INFO - Uploaded /tmp/minio_downloads/transactions_133913920017.parquet -> @transactions stage
[2026-06-20T19:09:12.998+0000] {logging_mixin.py:188} INFO - Uploaded /tmp/minio_downloads/transactions_133913964031.parquet -> @transactions stage
[2026-06-20T19:09:13.156+0000] {logging_mixin.py:188} INFO - Uploaded /tmp/minio_downloads/transactions_133914005525.parquet -> @transactions stage
[2026-06-20T19:09:13.346+0000] {logging_mixin.py:188} INFO - Uploaded /tmp/minio_downloads/transactions_133914051946.parquet -> @transactions stage
[2026-06-20T19:09:13.547+0000] {logging_mixin.py:188} INFO - Uploaded /tmp/minio_downloads/transactions_133914088131.parquet -> @transactions stage
[2026-06-20T19:09:13.699+0000] {logging_mixin.py:188} INFO - Uploaded /tmp/minio_downloads/transactions_133914602005.parquet -> @transactions stage
[2026-06-20T19:09:13.897+0000] {logging_mixin.py:188} INFO - Uploaded /tmp/minio_downloads/transactions_133914642344.parquet -> @transactions stage
[2026-06-20T19:09:14.098+0000] {logging_mixin.py:188} INFO - Uploaded /tmp/minio_downloads/transactions_133914683827.parquet -> @transactions stage
[2026-06-20T19:09:14.301+0000] {logging_mixin.py:188} INFO - Uploaded /tmp/minio_downloads/transactions_133914730204.parquet -> @transactions stage
[2026-06-20T19:09:14.499+0000] {logging_mixin.py:188} INFO - Uploaded /tmp/minio_downloads/transactions_133914769856.parquet -> @transactions stage
[2026-06-20T19:09:15.041+0000] {logging_mixin.py:188} INFO - Data loaded into transactions
[2026-06-20T19:09:15.195+0000] {python.py:237} INFO - Done. Returned value was: None
[2026-06-20T19:09:15.197+0000] {taskinstance.py:441} INFO - ::group::Post task execution logs
[2026-06-20T19:09:15.213+0000] {taskinstance.py:1206} INFO - Marking task as SUCCESS. dag_id=minio_to_snowflake_banking, task_id=load_snowflake, run_id=scheduled__2026-06-20T19:08:00+00:00, execution_date=20260620T190800, start_date=20260620T190908, end_date=20260620T190915
[2026-06-20T19:09:15.247+0000] {local_task_job_runner.py:243} INFO - Task exited with return code 0
[2026-06-20T19:09:15.261+0000] {taskinstance.py:3503} INFO - 0 downstream tasks scheduled from follow-on schedule check
[2026-06-20T19:09:15.265+0000] {local_task_job_runner.py:222} INFO - ::endgroup::
