[2026-06-20T18:53:02.456+0000] {local_task_job_runner.py:120} INFO - ::group::Pre task execution logs
[2026-06-20T18:53:02.477+0000] {taskinstance.py:2076} INFO - Dependencies all met for dep_context=non-requeueable deps ti=<TaskInstance: minio_to_snowflake_banking.download_minio scheduled__2026-06-20T18:52:00+00:00 [queued]>
[2026-06-20T18:53:02.483+0000] {taskinstance.py:2076} INFO - Dependencies all met for dep_context=requeueable deps ti=<TaskInstance: minio_to_snowflake_banking.download_minio scheduled__2026-06-20T18:52:00+00:00 [queued]>
[2026-06-20T18:53:02.485+0000] {taskinstance.py:2306} INFO - Starting attempt 1 of 2
[2026-06-20T18:53:02.494+0000] {taskinstance.py:2330} INFO - Executing <Task(PythonOperator): download_minio> on 2026-06-20 18:52:00+00:00
[2026-06-20T18:53:02.500+0000] {standard_task_runner.py:90} INFO - Running: ['***', 'tasks', 'run', 'minio_to_snowflake_banking', 'download_minio', 'scheduled__2026-06-20T18:52:00+00:00', '--job-id', '90', '--raw', '--subdir', 'DAGS_FOLDER/minio_to_snowflake_dag.py', '--cfg-path', '/tmp/tmphyk0uwbi']
[2026-06-20T18:53:02.503+0000] {standard_task_runner.py:91} INFO - Job 90: Subtask download_minio
[2026-06-20T18:53:02.503+0000] {logging_mixin.py:188} WARNING - /home/***/.local/lib/python3.12/site-packages/***/task/task_runner/standard_task_runner.py:62 DeprecationWarning: This process (pid=4591) is multi-threaded, use of fork() may lead to deadlocks in the child.
[2026-06-20T18:53:02.504+0000] {standard_task_runner.py:64} INFO - Started process 4610 to run task
[2026-06-20T18:53:02.552+0000] {task_command.py:426} INFO - Running <TaskInstance: minio_to_snowflake_banking.download_minio scheduled__2026-06-20T18:52:00+00:00 [running]> on host c91257ad26f0
[2026-06-20T18:53:02.647+0000] {taskinstance.py:2648} INFO - Exporting env vars: AIRFLOW_CTX_DAG_OWNER='***' AIRFLOW_CTX_DAG_ID='minio_to_snowflake_banking' AIRFLOW_CTX_TASK_ID='download_minio' AIRFLOW_CTX_EXECUTION_DATE='2026-06-20T18:52:00+00:00' AIRFLOW_CTX_TRY_NUMBER='1' AIRFLOW_CTX_DAG_RUN_ID='scheduled__2026-06-20T18:52:00+00:00'
[2026-06-20T18:53:02.648+0000] {taskinstance.py:430} INFO - ::endgroup::
[2026-06-20T18:53:02.883+0000] {logging_mixin.py:188} INFO - Downloaded customers/date=2026-06-20/customers_133914125032.parquet -> /tmp/minio_downloads/customers_133914125032.parquet
[2026-06-20T18:53:02.892+0000] {logging_mixin.py:188} INFO - Downloaded customers/date=2026-06-20/customers_133914191064.parquet -> /tmp/minio_downloads/customers_133914191064.parquet
[2026-06-20T18:53:02.922+0000] {logging_mixin.py:188} INFO - Downloaded accounts/date=2026-06-20/accounts_133914247160.parquet -> /tmp/minio_downloads/accounts_133914247160.parquet
[2026-06-20T18:53:02.932+0000] {logging_mixin.py:188} INFO - Downloaded accounts/date=2026-06-20/accounts_133914345762.parquet -> /tmp/minio_downloads/accounts_133914345762.parquet
[2026-06-20T18:53:02.943+0000] {logging_mixin.py:188} INFO - Downloaded accounts/date=2026-06-20/accounts_133914420080.parquet -> /tmp/minio_downloads/accounts_133914420080.parquet
[2026-06-20T18:53:02.952+0000] {logging_mixin.py:188} INFO - Downloaded accounts/date=2026-06-20/accounts_133914472707.parquet -> /tmp/minio_downloads/accounts_133914472707.parquet
[2026-06-20T18:53:02.996+0000] {logging_mixin.py:188} INFO - Downloaded transactions/date=2026-06-20/transactions_133913841290.parquet -> /tmp/minio_downloads/transactions_133913841290.parquet
[2026-06-20T18:53:03.006+0000] {logging_mixin.py:188} INFO - Downloaded transactions/date=2026-06-20/transactions_133913920017.parquet -> /tmp/minio_downloads/transactions_133913920017.parquet
[2026-06-20T18:53:03.017+0000] {logging_mixin.py:188} INFO - Downloaded transactions/date=2026-06-20/transactions_133913964031.parquet -> /tmp/minio_downloads/transactions_133913964031.parquet
[2026-06-20T18:53:03.028+0000] {logging_mixin.py:188} INFO - Downloaded transactions/date=2026-06-20/transactions_133914005525.parquet -> /tmp/minio_downloads/transactions_133914005525.parquet
[2026-06-20T18:53:03.040+0000] {logging_mixin.py:188} INFO - Downloaded transactions/date=2026-06-20/transactions_133914051946.parquet -> /tmp/minio_downloads/transactions_133914051946.parquet
[2026-06-20T18:53:03.051+0000] {logging_mixin.py:188} INFO - Downloaded transactions/date=2026-06-20/transactions_133914088131.parquet -> /tmp/minio_downloads/transactions_133914088131.parquet
[2026-06-20T18:53:03.060+0000] {logging_mixin.py:188} INFO - Downloaded transactions/date=2026-06-20/transactions_133914602005.parquet -> /tmp/minio_downloads/transactions_133914602005.parquet
[2026-06-20T18:53:03.070+0000] {logging_mixin.py:188} INFO - Downloaded transactions/date=2026-06-20/transactions_133914642344.parquet -> /tmp/minio_downloads/transactions_133914642344.parquet
[2026-06-20T18:53:03.079+0000] {logging_mixin.py:188} INFO - Downloaded transactions/date=2026-06-20/transactions_133914683827.parquet -> /tmp/minio_downloads/transactions_133914683827.parquet
[2026-06-20T18:53:03.092+0000] {logging_mixin.py:188} INFO - Downloaded transactions/date=2026-06-20/transactions_133914730204.parquet -> /tmp/minio_downloads/transactions_133914730204.parquet
[2026-06-20T18:53:03.102+0000] {logging_mixin.py:188} INFO - Downloaded transactions/date=2026-06-20/transactions_133914769856.parquet -> /tmp/minio_downloads/transactions_133914769856.parquet
[2026-06-20T18:53:03.102+0000] {python.py:237} INFO - Done. Returned value was: {'customers': ['/tmp/minio_downloads/customers_133914125032.parquet', '/tmp/minio_downloads/customers_133914191064.parquet'], 'accounts': ['/tmp/minio_downloads/accounts_133914247160.parquet', '/tmp/minio_downloads/accounts_133914345762.parquet', '/tmp/minio_downloads/accounts_133914420080.parquet', '/tmp/minio_downloads/accounts_133914472707.parquet'], 'transactions': ['/tmp/minio_downloads/transactions_133913841290.parquet', '/tmp/minio_downloads/transactions_133913920017.parquet', '/tmp/minio_downloads/transactions_133913964031.parquet', '/tmp/minio_downloads/transactions_133914005525.parquet', '/tmp/minio_downloads/transactions_133914051946.parquet', '/tmp/minio_downloads/transactions_133914088131.parquet', '/tmp/minio_downloads/transactions_133914602005.parquet', '/tmp/minio_downloads/transactions_133914642344.parquet', '/tmp/minio_downloads/transactions_133914683827.parquet', '/tmp/minio_downloads/transactions_133914730204.parquet', '/tmp/minio_downloads/transactions_133914769856.parquet']}
[2026-06-20T18:53:03.103+0000] {taskinstance.py:441} INFO - ::group::Post task execution logs
[2026-06-20T18:53:03.124+0000] {taskinstance.py:1206} INFO - Marking task as SUCCESS. dag_id=minio_to_snowflake_banking, task_id=download_minio, run_id=scheduled__2026-06-20T18:52:00+00:00, execution_date=20260620T185200, start_date=20260620T185302, end_date=20260620T185303
[2026-06-20T18:53:03.162+0000] {local_task_job_runner.py:243} INFO - Task exited with return code 0
[2026-06-20T18:53:03.179+0000] {taskinstance.py:3503} INFO - 1 downstream tasks scheduled from follow-on schedule check
[2026-06-20T18:53:03.182+0000] {local_task_job_runner.py:222} INFO - ::endgroup::
