[2026-06-20T19:18:51.438+0000] {local_task_job_runner.py:120} INFO - ::group::Pre task execution logs
[2026-06-20T19:18:51.458+0000] {taskinstance.py:2076} INFO - Dependencies all met for dep_context=non-requeueable deps ti=<TaskInstance: SCD2_snapshots.dbt_snapshot manual__2026-06-20T19:18:49.349566+00:00 [queued]>
[2026-06-20T19:18:51.462+0000] {taskinstance.py:2076} INFO - Dependencies all met for dep_context=requeueable deps ti=<TaskInstance: SCD2_snapshots.dbt_snapshot manual__2026-06-20T19:18:49.349566+00:00 [queued]>
[2026-06-20T19:18:51.464+0000] {taskinstance.py:2306} INFO - Starting attempt 1 of 2
[2026-06-20T19:18:51.472+0000] {taskinstance.py:2330} INFO - Executing <Task(BashOperator): dbt_snapshot> on 2026-06-20 19:18:49.349566+00:00
[2026-06-20T19:18:51.477+0000] {standard_task_runner.py:64} INFO - Started process 7474 to run task
[2026-06-20T19:18:51.479+0000] {standard_task_runner.py:90} INFO - Running: ['***', 'tasks', 'run', 'SCD2_snapshots', 'dbt_snapshot', 'manual__2026-06-20T19:18:49.349566+00:00', '--job-id', '150', '--raw', '--subdir', 'DAGS_FOLDER/scd_snapshots.py', '--cfg-path', '/tmp/tmp_03p58k2']
[2026-06-20T19:18:51.480+0000] {standard_task_runner.py:91} INFO - Job 150: Subtask dbt_snapshot
[2026-06-20T19:18:51.516+0000] {task_command.py:426} INFO - Running <TaskInstance: SCD2_snapshots.dbt_snapshot manual__2026-06-20T19:18:49.349566+00:00 [running]> on host c91257ad26f0
[2026-06-20T19:18:51.571+0000] {taskinstance.py:2648} INFO - Exporting env vars: AIRFLOW_CTX_DAG_OWNER='***' AIRFLOW_CTX_DAG_ID='SCD2_snapshots' AIRFLOW_CTX_TASK_ID='dbt_snapshot' AIRFLOW_CTX_EXECUTION_DATE='2026-06-20T19:18:49.349566+00:00' AIRFLOW_CTX_TRY_NUMBER='1' AIRFLOW_CTX_DAG_RUN_ID='manual__2026-06-20T19:18:49.349566+00:00'
[2026-06-20T19:18:51.572+0000] {taskinstance.py:430} INFO - ::endgroup::
[2026-06-20T19:18:51.583+0000] {subprocess.py:63} INFO - Tmp dir root location: /tmp
[2026-06-20T19:18:51.584+0000] {subprocess.py:75} INFO - Running command: ['/usr/bin/bash', '-c', 'cd /opt/***/banking_dbt && dbt snapshot --profiles-dir /home/***/.dbt']
[2026-06-20T19:18:51.588+0000] {subprocess.py:86} INFO - Output:
[2026-06-20T19:18:53.052+0000] {subprocess.py:93} INFO - [0m19:18:53  Running with dbt=1.11.11
[2026-06-20T19:18:53.716+0000] {subprocess.py:93} INFO - [0m19:18:53  Registered adapter: snowflake=1.11.5
[2026-06-20T19:18:53.860+0000] {subprocess.py:93} INFO - [0m19:18:53  Unable to do partial parsing because a project config has changed
[2026-06-20T19:18:54.941+0000] {subprocess.py:93} INFO - [0m19:18:54  [[33mWARNING[0m]: Configuration paths exist in your dbt_project.yml file which do not apply to any resources.
[2026-06-20T19:18:54.941+0000] {subprocess.py:93} INFO - There are 1 unused configuration paths:
[2026-06-20T19:18:54.946+0000] {subprocess.py:93} INFO - - models.banking_dbt.example
[2026-06-20T19:18:55.052+0000] {subprocess.py:93} INFO - [0m19:18:55  Found 6 models, 2 snapshots, 3 sources, 536 macros
[2026-06-20T19:18:55.054+0000] {subprocess.py:93} INFO - [0m19:18:55
[2026-06-20T19:18:55.055+0000] {subprocess.py:93} INFO - [0m19:18:55  Concurrency: 4 threads (target='dev')
[2026-06-20T19:18:55.056+0000] {subprocess.py:93} INFO - [0m19:18:55
[2026-06-20T19:18:57.116+0000] {subprocess.py:93} INFO - [0m19:18:57  1 of 2 START snapshot ANALYTICS.accounts_snapshot .............................. [RUN]
[2026-06-20T19:18:57.117+0000] {subprocess.py:93} INFO - [0m19:18:57  2 of 2 START snapshot ANALYTICS.customers_snapshot ............................. [RUN]
[2026-06-20T19:19:01.253+0000] {subprocess.py:93} INFO - [0m19:19:01  2 of 2 OK snapshotted ANALYTICS.customers_snapshot ............................. [[32mSUCCESS 0[0m in 4.13s]
[2026-06-20T19:19:01.566+0000] {subprocess.py:93} INFO - [0m19:19:01  1 of 2 OK snapshotted ANALYTICS.accounts_snapshot .............................. [[32mSUCCESS 0[0m in 4.44s]
[2026-06-20T19:19:01.884+0000] {subprocess.py:93} INFO - [0m19:19:01
[2026-06-20T19:19:01.887+0000] {subprocess.py:93} INFO - [0m19:19:01  Finished running 2 snapshots in 0 hours 0 minutes and 6.83 seconds (6.83s).
[2026-06-20T19:19:01.949+0000] {subprocess.py:93} INFO - [0m19:19:01
[2026-06-20T19:19:01.950+0000] {subprocess.py:93} INFO - [0m19:19:01  [32mCompleted successfully[0m
[2026-06-20T19:19:01.951+0000] {subprocess.py:93} INFO - [0m19:19:01
[2026-06-20T19:19:01.952+0000] {subprocess.py:93} INFO - [0m19:19:01  Done. PASS=2 WARN=0 ERROR=0 SKIP=0 NO-OP=0 TOTAL=2
[2026-06-20T19:19:02.785+0000] {subprocess.py:97} INFO - Command exited with return code 0
[2026-06-20T19:19:02.786+0000] {taskinstance.py:441} INFO - ::group::Post task execution logs
[2026-06-20T19:19:02.901+0000] {taskinstance.py:1206} INFO - Marking task as SUCCESS. dag_id=SCD2_snapshots, task_id=dbt_snapshot, run_id=manual__2026-06-20T19:18:49.349566+00:00, execution_date=20260620T191849, start_date=20260620T191851, end_date=20260620T191902
[2026-06-20T19:19:02.920+0000] {local_task_job_runner.py:243} INFO - Task exited with return code 0
[2026-06-20T19:19:02.930+0000] {taskinstance.py:3503} INFO - 0 downstream tasks scheduled from follow-on schedule check
[2026-06-20T19:19:02.932+0000] {local_task_job_runner.py:222} INFO - ::endgroup::
