[2026-06-20T19:14:10.768+0000] {local_task_job_runner.py:120} INFO - ::group::Pre task execution logs
[2026-06-20T19:14:10.787+0000] {taskinstance.py:2076} INFO - Dependencies all met for dep_context=non-requeueable deps ti=<TaskInstance: SCD2_snapshots.dbt_snapshot manual__2026-06-20T19:13:59.218714+00:00 [queued]>
[2026-06-20T19:14:10.792+0000] {taskinstance.py:2076} INFO - Dependencies all met for dep_context=requeueable deps ti=<TaskInstance: SCD2_snapshots.dbt_snapshot manual__2026-06-20T19:13:59.218714+00:00 [queued]>
[2026-06-20T19:14:10.793+0000] {taskinstance.py:2306} INFO - Starting attempt 1 of 2
[2026-06-20T19:14:10.802+0000] {taskinstance.py:2330} INFO - Executing <Task(BashOperator): dbt_snapshot> on 2026-06-20 19:13:59.218714+00:00
[2026-06-20T19:14:10.807+0000] {standard_task_runner.py:64} INFO - Started process 6882 to run task
[2026-06-20T19:14:10.810+0000] {standard_task_runner.py:90} INFO - Running: ['***', 'tasks', 'run', 'SCD2_snapshots', 'dbt_snapshot', 'manual__2026-06-20T19:13:59.218714+00:00', '--job-id', '134', '--raw', '--subdir', 'DAGS_FOLDER/scd_snapshots.py', '--cfg-path', '/tmp/tmpg5_yuuow']
[2026-06-20T19:14:10.812+0000] {standard_task_runner.py:91} INFO - Job 134: Subtask dbt_snapshot
[2026-06-20T19:14:10.848+0000] {task_command.py:426} INFO - Running <TaskInstance: SCD2_snapshots.dbt_snapshot manual__2026-06-20T19:13:59.218714+00:00 [running]> on host c91257ad26f0
[2026-06-20T19:14:10.903+0000] {taskinstance.py:2648} INFO - Exporting env vars: AIRFLOW_CTX_DAG_OWNER='***' AIRFLOW_CTX_DAG_ID='SCD2_snapshots' AIRFLOW_CTX_TASK_ID='dbt_snapshot' AIRFLOW_CTX_EXECUTION_DATE='2026-06-20T19:13:59.218714+00:00' AIRFLOW_CTX_TRY_NUMBER='1' AIRFLOW_CTX_DAG_RUN_ID='manual__2026-06-20T19:13:59.218714+00:00'
[2026-06-20T19:14:10.904+0000] {taskinstance.py:430} INFO - ::endgroup::
[2026-06-20T19:14:10.915+0000] {subprocess.py:63} INFO - Tmp dir root location: /tmp
[2026-06-20T19:14:10.916+0000] {subprocess.py:75} INFO - Running command: ['/usr/bin/bash', '-c', 'cd /opt/***/banking_dbt && dbt snapshot --profiles-dir /home/***/.dbt']
[2026-06-20T19:14:10.920+0000] {subprocess.py:86} INFO - Output:
[2026-06-20T19:14:12.467+0000] {subprocess.py:93} INFO - Usage: dbt snapshot [OPTIONS]
[2026-06-20T19:14:12.468+0000] {subprocess.py:93} INFO - Try 'dbt snapshot --help' for help.
[2026-06-20T19:14:12.469+0000] {subprocess.py:93} INFO - 
[2026-06-20T19:14:12.469+0000] {subprocess.py:93} INFO - Error: Invalid value for '--profiles-dir': Path '/home/***/.dbt' does not exist.
[2026-06-20T19:14:12.675+0000] {subprocess.py:97} INFO - Command exited with return code 2
[2026-06-20T19:14:12.676+0000] {taskinstance.py:441} INFO - ::group::Post task execution logs
[2026-06-20T19:14:12.780+0000] {taskinstance.py:2905} ERROR - Task failed with exception
Traceback (most recent call last):
  File "/home/airflow/.local/lib/python3.12/site-packages/airflow/models/taskinstance.py", line 465, in _execute_task
    result = _execute_callable(context=context, **execute_callable_kwargs)
             ^^^^^^^^^^^^^^^^^^^^^^^^^^^^^^^^^^^^^^^^^^^^^^^^^^^^^^^^^^^^^
  File "/home/airflow/.local/lib/python3.12/site-packages/airflow/models/taskinstance.py", line 432, in _execute_callable
    return execute_callable(context=context, **execute_callable_kwargs)
           ^^^^^^^^^^^^^^^^^^^^^^^^^^^^^^^^^^^^^^^^^^^^^^^^^^^^^^^^^^^^
  File "/home/airflow/.local/lib/python3.12/site-packages/airflow/models/baseoperator.py", line 401, in wrapper
    return func(self, *args, **kwargs)
           ^^^^^^^^^^^^^^^^^^^^^^^^^^^
  File "/home/airflow/.local/lib/python3.12/site-packages/airflow/operators/bash.py", line 243, in execute
    raise AirflowException(
airflow.exceptions.AirflowException: Bash command failed. The command returned a non-zero exit code 2.
[2026-06-20T19:14:12.783+0000] {taskinstance.py:1206} INFO - Marking task as UP_FOR_RETRY. dag_id=SCD2_snapshots, task_id=dbt_snapshot, run_id=manual__2026-06-20T19:13:59.218714+00:00, execution_date=20260620T191359, start_date=20260620T191410, end_date=20260620T191412
[2026-06-20T19:14:12.792+0000] {standard_task_runner.py:110} ERROR - Failed to execute job 134 for task dbt_snapshot (Bash command failed. The command returned a non-zero exit code 2.; 6882)
[2026-06-20T19:14:12.832+0000] {local_task_job_runner.py:243} INFO - Task exited with return code 1
[2026-06-20T19:14:12.845+0000] {taskinstance.py:3503} INFO - 0 downstream tasks scheduled from follow-on schedule check
[2026-06-20T19:14:12.847+0000] {local_task_job_runner.py:222} INFO - ::endgroup::
